[073月2025 10:51:08.363] [main/INFO] [cpw.mods.modlauncher.Launcher/MODLAUNCHER]: ModLauncher running: args [--launchTarget, forgeclientuserdev, --version, 21.1.95, --assetIndex, 17, --assetsDir, C:\\Users\\曦月\\.gradle\\caches\\neoformruntime\\assets, --gameDir, ., --fml.neoForgeVersion, 21.1.95, --fml.fmlVersion, 4.0.34, --fml.mcVersion, 1.21.1, --fml.neoFormVersion, 20240808.144430]
[073月2025 10:51:08.366] [main/INFO] [cpw.mods.modlauncher.Launcher/MODLAUNCHER]: JVM identified as Oracle Corporation Java HotSpot(TM) 64-Bit Server VM 21.0.4+8-LTS-274
[073月2025 10:51:08.367] [main/INFO] [cpw.mods.modlauncher.Launcher/MODLAUNCHER]: ModLauncher 11.0.4+main.d2e20e43 starting: java version 21.0.4 by Oracle Corporation; OS Windows 11 arch amd64 version 10.0
[073月2025 10:51:08.433] [main/WARN] [net.neoforged.fml.loading.FMLConfig/CORE]: Configuration file C:\Users\曦月\Documents\编程开发\Minecraft\Spark-Core\1.21.1-neoforge\run\config\fml.toml is not correct. Correcting
[073月2025 10:51:08.457] [main/INFO] [net.neoforged.fml.loading.ImmediateWindowHandler/]: Loading ImmediateWindowProvider fmlearlywindow
[073月2025 10:51:08.544] [main/INFO] [EARLYDISPLAY/]: Trying GL version 4.6
[073月2025 10:51:08.674] [main/INFO] [EARLYDISPLAY/]: Requested GL version 4.6 got version 4.6
[073月2025 10:51:08.764] [main/INFO] [mixin/]: SpongePowered MIXIN Subsystem Version=0.8.7 Source=union:/C:/Users/曦月/.gradle/caches/modules-2/files-2.1/net.fabricmc/sponge-mixin/0.15.2+mixin.0.8.7/2af2f021d8e02a0220dc27a7a72b4666d66d44ca/sponge-mixin-0.15.2+mixin.0.8.7.jar%23131!/ Service=ModLauncher Env=CLIENT
[073月2025 10:51:08.772] [main/WARN] [net.neoforged.fml.loading.FMLConfig/CORE]: Configuration file C:\Users\曦月\Documents\编程开发\Minecraft\Spark-Core\1.21.1-neoforge\run\config\fml.toml is not correct. Correcting
[073月2025 10:51:08.966] [pool-2-thread-1/INFO] [EARLYDISPLAY/]: GL info: NVIDIA GeForce RTX 4070 SUPER/PCIe/SSE2 GL version 4.6.0 NVIDIA 560.94, NVIDIA Corporation
[073月2025 10:51:09.410] [main/WARN] [net.neoforged.jarjar.selection.JarSelector/]: Attempted to select two dependency jars from JarJar which have the same identification: Nested Mod File  in Mod File: C:\Users\曦月\.gradle\caches\modules-2\files-2.1\thedarkcolour\kotlinforforge-neoforge\5.6.0\faa274002f55b90a77024ef0049342238df2344f\kotlinforforge-neoforge-5.6.0-all.jar and Nested Mod File  in Mod File: C:\Users\曦月\.gradle\caches\modules-2\files-2.1\thedarkcolour\kotlinforforge-neoforge\5.6.0\faa274002f55b90a77024ef0049342238df2344f\kotlinforforge-neoforge-5.6.0-all.jar. Using Nested Mod File  in Mod File: C:\Users\曦月\.gradle\caches\modules-2\files-2.1\thedarkcolour\kotlinforforge-neoforge\5.6.0\faa274002f55b90a77024ef0049342238df2344f\kotlinforforge-neoforge-5.6.0-all.jar
[073月2025 10:51:09.411] [main/INFO] [net.neoforged.fml.loading.moddiscovery.locators.JarInJarDependencyLocator/]: Found 10 dependencies adding them to mods collection
[073月2025 10:51:09.413] [main/INFO] [net.neoforged.fml.loading.moddiscovery.ModDiscoverer/]: 
     Mod List:
		Name Version (Mod Id)

		Adorned API 9.1.4+1.21.0 (curios)
		Architectury 13.0.8 (architectury)
		AzureLib 2.3.27 (azurelib)
		Caelus API 7.0.1+1.21.1 (caelus)
		Cloth Config v15 API 15.0.140 (cloth_config)
		CustomSkinLoader 14.21 (customskinloader)
		Embeddium 1.0.11+mc1.21.1 (embeddium)
		GeckoLib 4 4.7 (geckolib)
		Jade 15.1.6+neoforge (jade)
		Just Enough Items 19.18.8.216 (jei)
		Kotlin For Forge 5.6.0 (kotlinforforge)
		Lan Server Properties 1.13.1 (lanserverproperties)
		Minecraft 1.21.1 (minecraft)
		MmmMmmMmmMmm 1.21-2.0.6 (dummmmmmy)
		Moonlight Lib 1.21-2.15.14 (moonlight)
		NeoForge 21.1.95 (neoforge)
		Samurai Dynasty 0.1.2-1.21.1 (samurai_dynasty)
		Spark Core 1.0.607 (spark_core)
[073月2025 10:51:10.486] [main/INFO] [mixin/]: Compatibility level set to JAVA_17
[073月2025 10:51:10.488] [main/INFO] [mixin/]: Compatibility level set to JAVA_21
[073月2025 10:51:10.514] [main/INFO] [cpw.mods.modlauncher.LaunchServiceHandler/MODLAUNCHER]: Launching target 'forgeclientuserdev' with arguments [--version, 21.1.95, --gameDir, ., --assetsDir, C:\Users\曦月\.gradle\caches\neoformruntime\assets, --assetIndex, 17]
[073月2025 10:51:10.566] [main/WARN] [mixin/]: Reference map 'geckolib.refmap.json' for geckolib.mixins.json could not be read. If this is a development environment you can ignore this message
[073月2025 10:51:10.568] [main/WARN] [mixin/]: Reference map 'lsp.refmap.json' for lsp.mixins.json could not be read. If this is a development environment you can ignore this message
[073月2025 10:51:10.570] [main/WARN] [mixin/]: Reference map 'curios.refmap.json' for curios.neoforge.mixins.json could not be read. If this is a development environment you can ignore this message
[073月2025 10:51:10.570] [main/WARN] [mixin/]: Reference map 'curios.refmap.json' for curios.mixins.json could not be read. If this is a development environment you can ignore this message
[073月2025 10:51:10.578] [main/INFO] [Embeddium/]: Loaded configuration file for Embeddium: 63 options available, 0 override(s) found
[073月2025 10:51:10.580] [main/INFO] [Embeddium-GraphicsAdapterProbe/]: Searching for graphics cards...
[073月2025 10:51:10.840] [main/INFO] [Embeddium-GraphicsAdapterProbe/]: Found graphics card: GraphicsAdapterInfo[vendor=AMD, name=AMD Radeon(TM) Graphics, version=31.0.24002.92]
[073月2025 10:51:10.840] [main/INFO] [Embeddium-GraphicsAdapterProbe/]: Found graphics card: GraphicsAdapterInfo[vendor=NVIDIA, name=NVIDIA GeForce RTX 4070 SUPER, version=32.0.15.6094]
[073月2025 10:51:10.843] [main/WARN] [Embeddium-Workarounds/]: Embeddium has attempted to apply one or more workarounds to prevent crashes or other issues on your system: [NVIDIA_THREADED_OPTIMIZATIONS]
[073月2025 10:51:10.843] [main/WARN] [Embeddium-Workarounds/]: This is not necessarily an issue, but it may result in certain features or optimizations being disabled. You can sometimes fix these issues by upgrading your graphics driver.
[073月2025 10:51:10.849] [main/WARN] [mixin/]: Reference map 'embeddium-refmap.json' for embeddium.mixins.json could not be read. If this is a development environment you can ignore this message
[073月2025 10:51:11.288] [main/INFO] [MixinExtras|Service/]: Initializing MixinExtras via com.llamalad7.mixinextras.service.MixinExtrasServiceImpl(version=0.4.1).
[073月2025 10:51:12.381] [Datafixer Bootstrap/INFO] [com.mojang.datafixers.DataFixerBuilder/]: 229 Datafixer optimizations took 172 milliseconds
[073月2025 10:51:15.616] [main/WARN] [net.minecraft.commands.Commands/]: Ambiguity between arguments [teleport, location] and [teleport, destination] with inputs: [0.1 -0.5 .9, 0 0 0]
[073月2025 10:51:15.616] [main/WARN] [net.minecraft.commands.Commands/]: Ambiguity between arguments [teleport, location] and [teleport, targets] with inputs: [0.1 -0.5 .9, 0 0 0]
[073月2025 10:51:15.618] [main/WARN] [net.minecraft.commands.Commands/]: Ambiguity between arguments [teleport, destination] and [teleport, targets] with inputs: [Player, 0123, @e, dd12be42-52a9-4a91-a8a1-11c01849e498]
[073月2025 10:51:15.619] [main/WARN] [net.minecraft.commands.Commands/]: Ambiguity between arguments [teleport, targets] and [teleport, destination] with inputs: [Player, 0123, dd12be42-52a9-4a91-a8a1-11c01849e498]
[073月2025 10:51:15.620] [main/WARN] [net.minecraft.commands.Commands/]: Ambiguity between arguments [teleport, targets, location] and [teleport, targets, destination] with inputs: [0.1 -0.5 .9, 0 0 0]
[073月2025 10:51:15.715] [Render thread/WARN] [net.minecraft.server.packs.VanillaPackResourcesBuilder/]: Assets URL 'union:/C:/Users/曦月/Documents/编程开发/Minecraft/Spark-Core/1.21.1-neoforge/build/moddev/artifacts/neoforge-21.1.95-minecraft-merged.jar%23183!/assets/.mcassetsroot' uses unexpected schema
[073月2025 10:51:15.715] [Render thread/WARN] [net.minecraft.server.packs.VanillaPackResourcesBuilder/]: Assets URL 'union:/C:/Users/曦月/Documents/编程开发/Minecraft/Spark-Core/1.21.1-neoforge/build/moddev/artifacts/neoforge-21.1.95-minecraft-merged.jar%23183!/data/.mcassetsroot' uses unexpected schema
[073月2025 10:51:15.738] [Render thread/INFO] [com.mojang.authlib.yggdrasil.YggdrasilAuthenticationService/]: Environment: Environment[sessionHost=https://sessionserver.mojang.com, servicesHost=https://api.minecraftservices.com, name=PROD]
[073月2025 10:51:15.744] [Render thread/INFO] [net.minecraft.client.Minecraft/]: Setting user: Dev
[073月2025 10:51:15.810] [Render thread/INFO] [net.minecraft.client.Minecraft/]: Backend library: LWJGL version 3.3.3+5
[073月2025 10:51:15.848] [Render thread/WARN] [Embeddium-NvidiaWorkarounds/]: Applying workaround: Prevent the NVIDIA OpenGL driver from using broken optimizations (NVIDIA_THREADED_OPTIMIZATIONS)
[073月2025 10:51:15.862] [Render thread/INFO] [Embeddium-PostlaunchChecks/]: OpenGL Vendor: NVIDIA Corporation
[073月2025 10:51:15.862] [Render thread/INFO] [Embeddium-PostlaunchChecks/]: OpenGL Renderer: NVIDIA GeForce RTX 4070 SUPER/PCIe/SSE2
[073月2025 10:51:15.862] [Render thread/INFO] [Embeddium-PostlaunchChecks/]: OpenGL Version: 4.6.0 NVIDIA 560.94
[073月2025 10:51:15.863] [Render thread/WARN] [Embeddium-PostlaunchChecks/]: Enabling secondary workaround for NVIDIA threaded optimizations
[073月2025 10:51:16.113] [modloading-worker-0/INFO] [net.neoforged.neoforge.common.NeoForgeMod/NEOFORGE-MOD]: NeoForge mod loading, version 21.1.95, for MC 1.21.1
[073月2025 10:51:16.152] [modloading-worker-0/INFO] [azurelib/FileWatching]: Registered azurelib config for auto-sync function
[073月2025 10:51:16.210] [modloading-worker-0/INFO] [星火核心/]: WebSocket server started on port 8080
[073月2025 10:51:16.223] [WebSocketSelector-125/INFO] [星火核心/]: WebSocket server is ready
[073月2025 10:51:16.229] [modloading-worker-0/INFO] [mezz.jei.library.load.PluginCaller/]: Sending ConfigManager...
[073月2025 10:51:16.233] [modloading-worker-0/INFO] [mezz.jei.library.load.PluginCaller/]: Sending ConfigManager took 2.008 ms
[073月2025 10:51:16.309] [modloading-worker-0/INFO] [星火核心/]: 物理库已是最新版本
[073月2025 10:51:16.409] [modloading-worker-0/INFO] [thedarkcolour.kotlinforforge.neoforge.test.KotlinForForge/]: Kotlin For Forge Enabled!
[073月2025 10:51:16.497] [modloading-sync-worker/INFO] [Moonlight/]: Initialized block sets in 6ms
[073月2025 10:51:16.723] [modloading-sync-worker/WARN] [net.neoforged.fml.config.ConfigTracker/]: Opening a config that was already loaded with value LoadedConfig[config=SynchronizedConfig{DataHolder:{general=SynchronizedConfig{DataHolder:{merge_dynamic_packs=true, lazy_map_upload=true, maps_mipmap=3, consistent_entity_renderer_shading=NO_GUI}}}}, path=C:\Users\曦月\Documents\编程开发\Minecraft\Spark-Core\1.21.1-neoforge\run\config\moonlight-client.toml, modConfig=net.neoforged.fml.config.ModConfig@2c03a0b3] at path moonlight-client.toml
[073月2025 10:51:16.726] [modloading-sync-worker/WARN] [net.neoforged.fml.config.ConfigTracker/]: Opening a config that was already loaded with value LoadedConfig[config=SynchronizedConfig{DataHolder:{scarecrow=SynchronizedConfig{DataHolder:{mobs_whitelist=[], mobs_blacklist=[], scare_radius=12}}, general=SynchronizedConfig{DataHolder:{DPS_mode=DYNAMIC, disable_equipment_damage=true, dummy_decoy=false, boss_health_bar_color=YELLOW, xp_per_damage_on_hit=0.0, boss_health=200}}, mobs_damage_numbers=SynchronizedConfig{DataHolder:{damage_mode=NONE, healing_mode=NONE}}}}, path=C:\Users\曦月\Documents\编程开发\Minecraft\Spark-Core\1.21.1-neoforge\run\config\dummmmmmy-common.toml, modConfig=net.neoforged.fml.config.ModConfig@6389749] at path dummmmmmy-common.toml
[073月2025 10:51:17.155] [Render thread/INFO] [net.neoforged.neoforge.gametest.GameTestHooks/]: Enabled Gametest Namespaces: [spark_core]
[073月2025 10:51:17.338] [Render thread/INFO] [net.minecraft.server.packs.resources.ReloadableResourceManager/]: Reloading ResourceManager: vanilla, mod_resources, mod/moonlight, mod/spark_core, mod/jade, mod/geckolib, mod/architectury, mod/customskinloader, mod/lanserverproperties, mod/jei, mod/azurelib, mod/samurai_dynasty, mod/cloth_config, mod/kotlinforforge, mod/caelus, mod/dummmmmmy, mod/curios, mod/embeddium, mod/neoforge, moonlight:mods_dynamic_assets
[073月2025 10:51:17.346] [Render thread/INFO] [Moonlight/]: Generated runtime CLIENT_RESOURCES for pack moonlight:mods_dynamic_assets (Moonlight) in: 1 ms (debug resource dump on)
[073月2025 10:51:17.346] [Render thread/INFO] [Moonlight/]: Generated runtime CLIENT_RESOURCES for pack moonlight:mods_dynamic_assets (Moonlight) in: 0 ms (debug resource dump on)
[073月2025 10:51:17.356] [Worker-Main-15/INFO] [net.veroxuniverse.samurai_dynasty.SamuraiDynastyMod/]: HELLO FROM COMMON SETUP
[073月2025 10:51:17.460] [Render thread/INFO] [Moonlight/]: Initialized color sets in 11ms
[073月2025 10:51:17.479] [Worker-Main-14/INFO] [net.veroxuniverse.samurai_dynasty.SamuraiDynastyMod/]: HELLO FROM CLIENT SETUP
[073月2025 10:51:17.538] [Worker-Main-11/INFO] [net.minecraft.client.gui.font.providers.UnihexProvider/]: Found unifont_all_no_pua-15.1.05.hex, loading
[073月2025 10:51:17.633] [Worker-Main-6/INFO] [net.minecraft.client.gui.font.providers.UnihexProvider/]: Found unifont_jp_patch-15.1.05.hex, loading
[073月2025 10:51:18.072] [Worker-Main-3/WARN] [net.minecraft.client.resources.model.ModelBakery/]: Unable to load model: 'minecraft:tanuki_statue' referenced from: samurai_dynasty:block/tanuki_statue_lower: java.io.FileNotFoundException: minecraft:models/tanuki_statue.json
[073月2025 10:51:18.072] [Worker-Main-3/WARN] [net.minecraft.client.resources.model.ModelBakery/]: Unable to load model: 'minecraft:komainu_statue' referenced from: samurai_dynasty:block/komainu_statue_lower: java.io.FileNotFoundException: minecraft:models/komainu_statue.json
[073月2025 10:51:18.073] [Worker-Main-3/WARN] [net.minecraft.client.resources.model.ModelBakery/]: Unable to load model: 'minecraft:kawauso_statue' referenced from: samurai_dynasty:block/kawauso_statue_lower: java.io.FileNotFoundException: minecraft:models/kawauso_statue.json
[073月2025 10:51:18.073] [Worker-Main-3/WARN] [net.minecraft.client.resources.model.ModelBakery/]: Unable to load model: 'minecraft:stone_roof' referenced from: samurai_dynasty:block/stone_roof: java.io.FileNotFoundException: minecraft:models/stone_roof.json
[073月2025 10:51:18.073] [Worker-Main-3/WARN] [net.minecraft.client.resources.model.ModelBakery/]: Unable to load model: 'minecraft:stone_roof_corner' referenced from: samurai_dynasty:block/stone_roof_corner: java.io.FileNotFoundException: minecraft:models/stone_roof_corner.json
[073月2025 10:51:18.073] [Worker-Main-3/WARN] [net.minecraft.client.resources.model.ModelBakery/]: Unable to load model: 'minecraft:stone_roof_top' referenced from: samurai_dynasty:block/stone_roof_top: java.io.FileNotFoundException: minecraft:models/stone_roof_top.json
[073月2025 10:51:18.077] [Worker-Main-3/WARN] [net.minecraft.client.resources.model.ModelBakery/]: Unable to load model: 'samurai_dynasty:item/handheld' referenced from: samurai_dynasty:item/oni_mask: java.io.FileNotFoundException: samurai_dynasty:models/item/handheld.json
[073月2025 10:51:18.399] [Worker-Main-3/WARN] [net.minecraft.client.resources.model.ModelManager/]: Missing textures in model samurai_dynasty:tonbukiri_netherite#inventory:
    minecraft:textures/atlas/blocks.png:minecraft:item/tonbukiri
[073月2025 10:51:18.399] [Worker-Main-3/WARN] [net.minecraft.client.resources.model.ModelManager/]: Missing textures in model samurai_dynasty:kamayari_netherite#inventory:
    minecraft:textures/atlas/blocks.png:minecraft:item/kamayari
[073月2025 10:51:18.399] [Worker-Main-3/WARN] [net.minecraft.client.resources.model.ModelManager/]: Missing textures in model samurai_dynasty:wakizashi_netherite#inventory:
    minecraft:textures/atlas/blocks.png:minecraft:item/katana
[073月2025 10:51:18.399] [Worker-Main-3/WARN] [net.minecraft.client.resources.model.ModelManager/]: Missing textures in model samurai_dynasty:nagamaki_netherite#inventory:
    minecraft:textures/atlas/blocks.png:minecraft:item/nagamaki
[073月2025 10:51:18.399] [Worker-Main-3/WARN] [net.minecraft.client.resources.model.ModelManager/]: Missing textures in model samurai_dynasty:katana#inventory:
    minecraft:textures/atlas/blocks.png:minecraft:item/katana
[073月2025 10:51:18.399] [Worker-Main-3/WARN] [net.minecraft.client.resources.model.ModelManager/]: Missing textures in model samurai_dynasty:shuko_netherite#inventory:
    minecraft:textures/atlas/blocks.png:minecraft:item/tekko_kagi
[073月2025 10:51:18.399] [Worker-Main-3/WARN] [net.minecraft.client.resources.model.ModelManager/]: Missing textures in model samurai_dynasty:kabutowari#inventory:
    minecraft:textures/atlas/blocks.png:minecraft:item/kabutowari
[073月2025 10:51:18.399] [Worker-Main-3/WARN] [net.minecraft.client.resources.model.ModelManager/]: Missing textures in model samurai_dynasty:masakari#inventory:
    minecraft:textures/atlas/blocks.png:minecraft:item/masakari
[073月2025 10:51:18.399] [Worker-Main-3/WARN] [net.minecraft.client.resources.model.ModelManager/]: Missing textures in model samurai_dynasty:tonbukiri#inventory:
    minecraft:textures/atlas/blocks.png:minecraft:item/tonbukiri
[073月2025 10:51:18.399] [Worker-Main-3/WARN] [net.minecraft.client.resources.model.ModelManager/]: Missing textures in model samurai_dynasty:katana_netherite#inventory:
    minecraft:textures/atlas/blocks.png:minecraft:item/katana
[073月2025 10:51:18.400] [Worker-Main-3/WARN] [net.minecraft.client.resources.model.ModelManager/]: Missing textures in model samurai_dynasty:nagamaki#inventory:
    minecraft:textures/atlas/blocks.png:minecraft:item/nagamaki
[073月2025 10:51:18.400] [Worker-Main-3/WARN] [net.minecraft.client.resources.model.ModelManager/]: Missing textures in model samurai_dynasty:masakari_netherite#inventory:
    minecraft:textures/atlas/blocks.png:minecraft:item/masakari
[073月2025 10:51:18.400] [Worker-Main-3/WARN] [net.minecraft.client.resources.model.ModelManager/]: Missing textures in model samurai_dynasty:wakizashi#inventory:
    minecraft:textures/atlas/blocks.png:minecraft:item/katana
[073月2025 10:51:18.400] [Worker-Main-3/WARN] [net.minecraft.client.resources.model.ModelManager/]: Missing textures in model samurai_dynasty:odachi_netherite#inventory:
    minecraft:textures/atlas/blocks.png:minecraft:item/odachi
[073月2025 10:51:18.400] [Worker-Main-3/WARN] [net.minecraft.client.resources.model.ModelManager/]: Missing textures in model samurai_dynasty:naginata#inventory:
    minecraft:textures/atlas/blocks.png:minecraft:item/naginata
[073月2025 10:51:18.400] [Worker-Main-3/WARN] [net.minecraft.client.resources.model.ModelManager/]: Missing textures in model samurai_dynasty:odachi#inventory:
    minecraft:textures/atlas/blocks.png:minecraft:item/odachi
[073月2025 10:51:18.400] [Worker-Main-3/WARN] [net.minecraft.client.resources.model.ModelManager/]: Missing textures in model samurai_dynasty:shuko#inventory:
    minecraft:textures/atlas/blocks.png:minecraft:item/tekko_kagi
[073月2025 10:51:18.400] [Worker-Main-3/WARN] [net.minecraft.client.resources.model.ModelManager/]: Missing textures in model samurai_dynasty:kamayari#inventory:
    minecraft:textures/atlas/blocks.png:minecraft:item/kamayari
[073月2025 10:51:18.400] [Worker-Main-3/WARN] [net.minecraft.client.resources.model.ModelManager/]: Missing textures in model samurai_dynasty:naginata_netherite#inventory:
    minecraft:textures/atlas/blocks.png:minecraft:item/naginata
[073月2025 10:51:18.400] [Worker-Main-3/WARN] [net.minecraft.client.resources.model.ModelManager/]: Missing textures in model samurai_dynasty:kabutowari_netherite#inventory:
    minecraft:textures/atlas/blocks.png:minecraft:item/kabutowari
[073月2025 10:51:18.492] [Worker-Main-9/INFO] [snownee.jade.Jade/]: Start loading plugin from snownee.jade.addon.vanilla.VanillaPlugin
[073月2025 10:51:18.518] [Worker-Main-9/INFO] [snownee.jade.Jade/]: Bootstrapped plugin from snownee.jade.addon.vanilla.VanillaPlugin in 24.48 ms
[073月2025 10:51:18.524] [Worker-Main-9/INFO] [snownee.jade.Jade/]: Loaded plugin from snownee.jade.addon.vanilla.VanillaPlugin in 29.83 ms
[073月2025 10:51:18.524] [Worker-Main-9/INFO] [snownee.jade.Jade/]: Start loading plugin from snownee.jade.addon.universal.UniversalPlugin
[073月2025 10:51:18.528] [Worker-Main-9/INFO] [snownee.jade.Jade/]: Bootstrapped plugin from snownee.jade.addon.universal.UniversalPlugin in 3.641 ms
[073月2025 10:51:18.528] [Worker-Main-9/INFO] [snownee.jade.Jade/]: Loaded plugin from snownee.jade.addon.universal.UniversalPlugin in 3.846 ms
[073月2025 10:51:18.528] [Worker-Main-9/INFO] [snownee.jade.Jade/]: Start loading plugin from snownee.jade.addon.debug.DebugPlugin
[073月2025 10:51:18.530] [Worker-Main-9/INFO] [snownee.jade.Jade/]: Bootstrapped plugin from snownee.jade.addon.debug.DebugPlugin in 1.599 ms
[073月2025 10:51:18.530] [Worker-Main-9/INFO] [snownee.jade.Jade/]: Loaded plugin from snownee.jade.addon.debug.DebugPlugin in 1.766 ms
[073月2025 10:51:18.530] [Worker-Main-9/INFO] [snownee.jade.Jade/]: Start loading plugin from snownee.jade.addon.core.CorePlugin
[073月2025 10:51:18.534] [Worker-Main-9/INFO] [snownee.jade.Jade/]: Bootstrapped plugin from snownee.jade.addon.core.CorePlugin in 3.394 ms
[073月2025 10:51:18.534] [Worker-Main-9/INFO] [snownee.jade.Jade/]: Loaded plugin from snownee.jade.addon.core.CorePlugin in 3.515 ms
[073月2025 10:51:18.706] [Render thread/WARN] [net.minecraft.client.sounds.SoundEngine/]: Missing sound for event: minecraft:item.goat_horn.play
[073月2025 10:51:18.706] [Render thread/WARN] [net.minecraft.client.sounds.SoundEngine/]: Missing sound for event: minecraft:entity.goat.screaming.horn_break
[073月2025 10:51:18.742] [Render thread/INFO] [com.mojang.blaze3d.audio.Library/]: OpenAL initialized on device OpenAL Soft on 扬声器 (High Definition Audio Device)
[073月2025 10:51:18.742] [Render thread/INFO] [net.minecraft.client.sounds.SoundEngine/SOUNDS]: Sound engine started
[073月2025 10:51:18.801] [Render thread/INFO] [net.minecraft.client.renderer.texture.TextureAtlas/]: Created: 1024x1024x4 minecraft:textures/atlas/blocks.png-atlas
[073月2025 10:51:18.816] [Render thread/INFO] [net.minecraft.client.renderer.texture.TextureAtlas/]: Created: 256x256x4 minecraft:textures/atlas/signs.png-atlas
[073月2025 10:51:18.816] [Render thread/INFO] [net.minecraft.client.renderer.texture.TextureAtlas/]: Created: 512x512x4 minecraft:textures/atlas/banner_patterns.png-atlas
[073月2025 10:51:18.817] [Render thread/INFO] [net.minecraft.client.renderer.texture.TextureAtlas/]: Created: 512x512x4 minecraft:textures/atlas/shield_patterns.png-atlas
[073月2025 10:51:18.817] [Render thread/INFO] [net.minecraft.client.renderer.texture.TextureAtlas/]: Created: 1024x1024x4 minecraft:textures/atlas/armor_trims.png-atlas
[073月2025 10:51:18.821] [Render thread/INFO] [net.minecraft.client.renderer.texture.TextureAtlas/]: Created: 256x256x4 minecraft:textures/atlas/chest.png-atlas
[073月2025 10:51:18.821] [Render thread/INFO] [net.minecraft.client.renderer.texture.TextureAtlas/]: Created: 128x64x4 minecraft:textures/atlas/decorated_pot.png-atlas
[073月2025 10:51:18.821] [Render thread/INFO] [net.minecraft.client.renderer.texture.TextureAtlas/]: Created: 512x256x4 minecraft:textures/atlas/beds.png-atlas
[073月2025 10:51:18.821] [Render thread/INFO] [net.minecraft.client.renderer.texture.TextureAtlas/]: Created: 512x256x4 minecraft:textures/atlas/shulker_boxes.png-atlas
[073月2025 10:51:18.903] [Render thread/INFO] [net.minecraft.client.renderer.texture.TextureAtlas/]: Created: 512x256x0 minecraft:textures/atlas/particles.png-atlas
[073月2025 10:51:18.904] [Render thread/INFO] [net.minecraft.client.renderer.texture.TextureAtlas/]: Created: 512x256x0 minecraft:textures/atlas/paintings.png-atlas
[073月2025 10:51:18.905] [Render thread/INFO] [net.minecraft.client.renderer.texture.TextureAtlas/]: Created: 256x128x0 minecraft:textures/atlas/mob_effects.png-atlas
[073月2025 10:51:18.905] [Render thread/INFO] [net.minecraft.client.renderer.texture.TextureAtlas/]: Created: 256x256x0 minecraft:textures/atlas/map_decorations.png-atlas
[073月2025 10:51:18.905] [Render thread/INFO] [net.minecraft.client.renderer.texture.TextureAtlas/]: Created: 1024x512x0 minecraft:textures/atlas/gui.png-atlas
[073月2025 10:51:18.922] [Render thread/WARN] [net.minecraft.client.renderer.ShaderInstance/]: Shader rendertype_entity_translucent_emissive could not find sampler named Sampler2 in the specified shader program.
[073月2025 10:51:18.947] [Render thread/WARN] [net.minecraft.client.renderer.ShaderInstance/]: Shader moonlight:text_alpha_color could not find sampler named Sampler2 in the specified shader program.
[073月2025 10:51:18.948] [Render thread/WARN] [net.minecraft.client.renderer.ShaderInstance/]: Shader moonlight:text_alpha_color could not find uniform named IViewRotMat in the specified shader program.
[073月2025 10:51:18.948] [Render thread/WARN] [net.minecraft.client.renderer.ShaderInstance/]: Shader moonlight:text_alpha_color could not find uniform named FogStart in the specified shader program.
[073月2025 10:51:18.948] [Render thread/WARN] [net.minecraft.client.renderer.ShaderInstance/]: Shader moonlight:text_alpha_color could not find uniform named FogEnd in the specified shader program.
[073月2025 10:51:18.948] [Render thread/WARN] [net.minecraft.client.renderer.ShaderInstance/]: Shader moonlight:text_alpha_color could not find uniform named FogColor in the specified shader program.
[073月2025 10:51:18.948] [Render thread/WARN] [net.minecraft.client.renderer.ShaderInstance/]: Shader moonlight:text_alpha_color could not find sampler named Sampler2 in the specified shader program.
[073月2025 10:51:18.948] [Render thread/WARN] [net.minecraft.client.renderer.ShaderInstance/]: Shader moonlight:text_alpha_color could not find uniform named IViewRotMat in the specified shader program.
[073月2025 10:51:18.948] [Render thread/WARN] [net.minecraft.client.renderer.ShaderInstance/]: Shader moonlight:text_alpha_color could not find uniform named FogStart in the specified shader program.
[073月2025 10:51:18.948] [Render thread/WARN] [net.minecraft.client.renderer.ShaderInstance/]: Shader moonlight:text_alpha_color could not find uniform named FogEnd in the specified shader program.
[073月2025 10:51:18.948] [Render thread/WARN] [net.minecraft.client.renderer.ShaderInstance/]: Shader moonlight:text_alpha_color could not find uniform named FogColor in the specified shader program.
[073月2025 10:51:18.958] [Render thread/INFO] [net.minecraft.client.renderer.texture.TextureAtlas/]: Created: 256x256x0 jei:textures/atlas/gui.png-atlas
[073月2025 10:51:18.959] [Render thread/INFO] [net.neoforged.neoforge.client.entity.animation.json.AnimationLoader/]: Loaded 0 entity animations
[073月2025 10:51:21.324] [Worker-Main-10/ERROR] [net.minecraft.world.level.storage.LevelStorageSource/]: Exception reading .\saves\新的世界 (85)\level.dat
java.io.EOFException: null
	at java.base/java.util.zip.GZIPInputStream.readUByte(GZIPInputStream.java:279) ~[?:?]
	at java.base/java.util.zip.GZIPInputStream.readUShort(GZIPInputStream.java:269) ~[?:?]
	at java.base/java.util.zip.GZIPInputStream.readHeader(GZIPInputStream.java:175) ~[?:?]
	at java.base/java.util.zip.GZIPInputStream.<init>(GZIPInputStream.java:79) ~[?:?]
	at java.base/java.util.zip.GZIPInputStream.<init>(GZIPInputStream.java:91) ~[?:?]
	at TRANSFORMER/minecraft@1.21.1/net.minecraft.nbt.NbtIo.createDecompressorStream(NbtIo.java:43) ~[neoforge-21.1.95-minecraft-merged.jar%23183!/:?]
	at TRANSFORMER/minecraft@1.21.1/net.minecraft.nbt.NbtIo.parseCompressed(NbtIo.java:69) ~[neoforge-21.1.95-minecraft-merged.jar%23183!/:?]
	at TRANSFORMER/minecraft@1.21.1/net.minecraft.nbt.NbtIo.parseCompressed(NbtIo.java:64) ~[neoforge-21.1.95-minecraft-merged.jar%23183!/:?]
	at TRANSFORMER/minecraft@1.21.1/net.minecraft.world.level.storage.LevelStorageSource.readLightweightData(LevelStorageSource.java:309) ~[neoforge-21.1.95-minecraft-merged.jar%23183!/:?]
	at TRANSFORMER/minecraft@1.21.1/net.minecraft.world.level.storage.LevelStorageSource.readLevelSummary(LevelStorageSource.java:245) ~[neoforge-21.1.95-minecraft-merged.jar%23183!/:?]
	at TRANSFORMER/minecraft@1.21.1/net.minecraft.world.level.storage.LevelStorageSource.lambda$loadLevelSummaries$3(LevelStorageSource.java:189) ~[neoforge-21.1.95-minecraft-merged.jar%23183!/:?]
	at java.base/java.util.concurrent.CompletableFuture$AsyncSupply.run(CompletableFuture.java:1768) [?:?]
	at java.base/java.util.concurrent.CompletableFuture$AsyncSupply.exec(CompletableFuture.java:1760) [?:?]
	at java.base/java.util.concurrent.ForkJoinTask.doExec(ForkJoinTask.java:387) [?:?]
	at java.base/java.util.concurrent.ForkJoinPool$WorkQueue.topLevelExec(ForkJoinPool.java:1312) [?:?]
	at java.base/java.util.concurrent.ForkJoinPool.scan(ForkJoinPool.java:1843) [?:?]
	at java.base/java.util.concurrent.ForkJoinPool.runWorker(ForkJoinPool.java:1808) [?:?]
	at java.base/java.util.concurrent.ForkJoinWorkerThread.run(ForkJoinWorkerThread.java:188) [?:?]
[073月2025 10:51:21.324] [Worker-Main-2/ERROR] [net.minecraft.world.level.storage.LevelStorageSource/]: Exception reading .\saves\新的世界 (87)\level.dat
java.io.EOFException: null
	at java.base/java.util.zip.GZIPInputStream.readUByte(GZIPInputStream.java:279) ~[?:?]
	at java.base/java.util.zip.GZIPInputStream.readUShort(GZIPInputStream.java:269) ~[?:?]
	at java.base/java.util.zip.GZIPInputStream.readHeader(GZIPInputStream.java:175) ~[?:?]
	at java.base/java.util.zip.GZIPInputStream.<init>(GZIPInputStream.java:79) ~[?:?]
	at java.base/java.util.zip.GZIPInputStream.<init>(GZIPInputStream.java:91) ~[?:?]
	at TRANSFORMER/minecraft@1.21.1/net.minecraft.nbt.NbtIo.createDecompressorStream(NbtIo.java:43) ~[neoforge-21.1.95-minecraft-merged.jar%23183!/:?]
	at TRANSFORMER/minecraft@1.21.1/net.minecraft.nbt.NbtIo.parseCompressed(NbtIo.java:69) ~[neoforge-21.1.95-minecraft-merged.jar%23183!/:?]
	at TRANSFORMER/minecraft@1.21.1/net.minecraft.nbt.NbtIo.parseCompressed(NbtIo.java:64) ~[neoforge-21.1.95-minecraft-merged.jar%23183!/:?]
	at TRANSFORMER/minecraft@1.21.1/net.minecraft.world.level.storage.LevelStorageSource.readLightweightData(LevelStorageSource.java:309) ~[neoforge-21.1.95-minecraft-merged.jar%23183!/:?]
	at TRANSFORMER/minecraft@1.21.1/net.minecraft.world.level.storage.LevelStorageSource.readLevelSummary(LevelStorageSource.java:245) ~[neoforge-21.1.95-minecraft-merged.jar%23183!/:?]
	at TRANSFORMER/minecraft@1.21.1/net.minecraft.world.level.storage.LevelStorageSource.lambda$loadLevelSummaries$3(LevelStorageSource.java:189) ~[neoforge-21.1.95-minecraft-merged.jar%23183!/:?]
	at java.base/java.util.concurrent.CompletableFuture$AsyncSupply.run(CompletableFuture.java:1768) [?:?]
	at java.base/java.util.concurrent.CompletableFuture$AsyncSupply.exec(CompletableFuture.java:1760) [?:?]
	at java.base/java.util.concurrent.ForkJoinTask.doExec(ForkJoinTask.java:387) [?:?]
	at java.base/java.util.concurrent.ForkJoinPool$WorkQueue.topLevelExec(ForkJoinPool.java:1312) [?:?]
	at java.base/java.util.concurrent.ForkJoinPool.scan(ForkJoinPool.java:1843) [?:?]
	at java.base/java.util.concurrent.ForkJoinPool.runWorker(ForkJoinPool.java:1808) [?:?]
	at java.base/java.util.concurrent.ForkJoinWorkerThread.run(ForkJoinWorkerThread.java:188) [?:?]
[073月2025 10:51:21.324] [Worker-Main-3/ERROR] [net.minecraft.world.level.storage.LevelStorageSource/]: Exception reading .\saves\新的世界 (88)\level.dat
java.io.EOFException: null
	at java.base/java.util.zip.GZIPInputStream.readUByte(GZIPInputStream.java:279) ~[?:?]
	at java.base/java.util.zip.GZIPInputStream.readUShort(GZIPInputStream.java:269) ~[?:?]
	at java.base/java.util.zip.GZIPInputStream.readHeader(GZIPInputStream.java:175) ~[?:?]
	at java.base/java.util.zip.GZIPInputStream.<init>(GZIPInputStream.java:79) ~[?:?]
	at java.base/java.util.zip.GZIPInputStream.<init>(GZIPInputStream.java:91) ~[?:?]
	at TRANSFORMER/minecraft@1.21.1/net.minecraft.nbt.NbtIo.createDecompressorStream(NbtIo.java:43) ~[neoforge-21.1.95-minecraft-merged.jar%23183!/:?]
	at TRANSFORMER/minecraft@1.21.1/net.minecraft.nbt.NbtIo.parseCompressed(NbtIo.java:69) ~[neoforge-21.1.95-minecraft-merged.jar%23183!/:?]
	at TRANSFORMER/minecraft@1.21.1/net.minecraft.nbt.NbtIo.parseCompressed(NbtIo.java:64) ~[neoforge-21.1.95-minecraft-merged.jar%23183!/:?]
	at TRANSFORMER/minecraft@1.21.1/net.minecraft.world.level.storage.LevelStorageSource.readLightweightData(LevelStorageSource.java:309) ~[neoforge-21.1.95-minecraft-merged.jar%23183!/:?]
	at TRANSFORMER/minecraft@1.21.1/net.minecraft.world.level.storage.LevelStorageSource.readLevelSummary(LevelStorageSource.java:245) ~[neoforge-21.1.95-minecraft-merged.jar%23183!/:?]
	at TRANSFORMER/minecraft@1.21.1/net.minecraft.world.level.storage.LevelStorageSource.lambda$loadLevelSummaries$3(LevelStorageSource.java:189) ~[neoforge-21.1.95-minecraft-merged.jar%23183!/:?]
	at java.base/java.util.concurrent.CompletableFuture$AsyncSupply.run(CompletableFuture.java:1768) [?:?]
	at java.base/java.util.concurrent.CompletableFuture$AsyncSupply.exec(CompletableFuture.java:1760) [?:?]
	at java.base/java.util.concurrent.ForkJoinTask.doExec(ForkJoinTask.java:387) [?:?]
	at java.base/java.util.concurrent.ForkJoinPool$WorkQueue.topLevelExec(ForkJoinPool.java:1312) [?:?]
	at java.base/java.util.concurrent.ForkJoinPool.scan(ForkJoinPool.java:1843) [?:?]
	at java.base/java.util.concurrent.ForkJoinPool.runWorker(ForkJoinPool.java:1808) [?:?]
	at java.base/java.util.concurrent.ForkJoinWorkerThread.run(ForkJoinWorkerThread.java:188) [?:?]
[073月2025 10:51:21.324] [Worker-Main-13/ERROR] [net.minecraft.world.level.storage.LevelStorageSource/]: Exception reading .\saves\新的世界 (84)\level.dat
java.io.EOFException: null
	at java.base/java.util.zip.GZIPInputStream.readUByte(GZIPInputStream.java:279) ~[?:?]
	at java.base/java.util.zip.GZIPInputStream.readUShort(GZIPInputStream.java:269) ~[?:?]
	at java.base/java.util.zip.GZIPInputStream.readHeader(GZIPInputStream.java:175) ~[?:?]
	at java.base/java.util.zip.GZIPInputStream.<init>(GZIPInputStream.java:79) ~[?:?]
	at java.base/java.util.zip.GZIPInputStream.<init>(GZIPInputStream.java:91) ~[?:?]
	at TRANSFORMER/minecraft@1.21.1/net.minecraft.nbt.NbtIo.createDecompressorStream(NbtIo.java:43) ~[neoforge-21.1.95-minecraft-merged.jar%23183!/:?]
	at TRANSFORMER/minecraft@1.21.1/net.minecraft.nbt.NbtIo.parseCompressed(NbtIo.java:69) ~[neoforge-21.1.95-minecraft-merged.jar%23183!/:?]
	at TRANSFORMER/minecraft@1.21.1/net.minecraft.nbt.NbtIo.parseCompressed(NbtIo.java:64) ~[neoforge-21.1.95-minecraft-merged.jar%23183!/:?]
	at TRANSFORMER/minecraft@1.21.1/net.minecraft.world.level.storage.LevelStorageSource.readLightweightData(LevelStorageSource.java:309) ~[neoforge-21.1.95-minecraft-merged.jar%23183!/:?]
	at TRANSFORMER/minecraft@1.21.1/net.minecraft.world.level.storage.LevelStorageSource.readLevelSummary(LevelStorageSource.java:245) ~[neoforge-21.1.95-minecraft-merged.jar%23183!/:?]
	at TRANSFORMER/minecraft@1.21.1/net.minecraft.world.level.storage.LevelStorageSource.lambda$loadLevelSummaries$3(LevelStorageSource.java:189) ~[neoforge-21.1.95-minecraft-merged.jar%23183!/:?]
	at java.base/java.util.concurrent.CompletableFuture$AsyncSupply.run(CompletableFuture.java:1768) [?:?]
	at java.base/java.util.concurrent.CompletableFuture$AsyncSupply.exec(CompletableFuture.java:1760) [?:?]
	at java.base/java.util.concurrent.ForkJoinTask.doExec(ForkJoinTask.java:387) [?:?]
	at java.base/java.util.concurrent.ForkJoinPool$WorkQueue.topLevelExec(ForkJoinPool.java:1312) [?:?]
	at java.base/java.util.concurrent.ForkJoinPool.scan(ForkJoinPool.java:1843) [?:?]
	at java.base/java.util.concurrent.ForkJoinPool.runWorker(ForkJoinPool.java:1808) [?:?]
	at java.base/java.util.concurrent.ForkJoinWorkerThread.run(ForkJoinWorkerThread.java:188) [?:?]
[073月2025 10:51:21.324] [Worker-Main-8/ERROR] [net.minecraft.world.level.storage.LevelStorageSource/]: Exception reading .\saves\新的世界 (90)\level.dat
java.io.EOFException: null
	at java.base/java.util.zip.GZIPInputStream.readUByte(GZIPInputStream.java:279) ~[?:?]
	at java.base/java.util.zip.GZIPInputStream.readUShort(GZIPInputStream.java:269) ~[?:?]
	at java.base/java.util.zip.GZIPInputStream.readHeader(GZIPInputStream.java:175) ~[?:?]
	at java.base/java.util.zip.GZIPInputStream.<init>(GZIPInputStream.java:79) ~[?:?]
	at java.base/java.util.zip.GZIPInputStream.<init>(GZIPInputStream.java:91) ~[?:?]
	at TRANSFORMER/minecraft@1.21.1/net.minecraft.nbt.NbtIo.createDecompressorStream(NbtIo.java:43) ~[neoforge-21.1.95-minecraft-merged.jar%23183!/:?]
	at TRANSFORMER/minecraft@1.21.1/net.minecraft.nbt.NbtIo.parseCompressed(NbtIo.java:69) ~[neoforge-21.1.95-minecraft-merged.jar%23183!/:?]
	at TRANSFORMER/minecraft@1.21.1/net.minecraft.nbt.NbtIo.parseCompressed(NbtIo.java:64) ~[neoforge-21.1.95-minecraft-merged.jar%23183!/:?]
	at TRANSFORMER/minecraft@1.21.1/net.minecraft.world.level.storage.LevelStorageSource.readLightweightData(LevelStorageSource.java:309) ~[neoforge-21.1.95-minecraft-merged.jar%23183!/:?]
	at TRANSFORMER/minecraft@1.21.1/net.minecraft.world.level.storage.LevelStorageSource.readLevelSummary(LevelStorageSource.java:245) ~[neoforge-21.1.95-minecraft-merged.jar%23183!/:?]
	at TRANSFORMER/minecraft@1.21.1/net.minecraft.world.level.storage.LevelStorageSource.lambda$loadLevelSummaries$3(LevelStorageSource.java:189) ~[neoforge-21.1.95-minecraft-merged.jar%23183!/:?]
	at java.base/java.util.concurrent.CompletableFuture$AsyncSupply.run(CompletableFuture.java:1768) [?:?]
	at java.base/java.util.concurrent.CompletableFuture$AsyncSupply.exec(CompletableFuture.java:1760) [?:?]
	at java.base/java.util.concurrent.ForkJoinTask.doExec(ForkJoinTask.java:387) [?:?]
	at java.base/java.util.concurrent.ForkJoinPool$WorkQueue.topLevelExec(ForkJoinPool.java:1312) [?:?]
	at java.base/java.util.concurrent.ForkJoinPool.scan(ForkJoinPool.java:1843) [?:?]
	at java.base/java.util.concurrent.ForkJoinPool.runWorker(ForkJoinPool.java:1808) [?:?]
	at java.base/java.util.concurrent.ForkJoinWorkerThread.run(ForkJoinWorkerThread.java:188) [?:?]
[073月2025 10:51:21.324] [Worker-Main-15/ERROR] [net.minecraft.world.level.storage.LevelStorageSource/]: Exception reading .\saves\新的世界 (89)\level.dat
java.io.EOFException: null
	at java.base/java.util.zip.GZIPInputStream.readUByte(GZIPInputStream.java:279) ~[?:?]
	at java.base/java.util.zip.GZIPInputStream.readUShort(GZIPInputStream.java:269) ~[?:?]
	at java.base/java.util.zip.GZIPInputStream.readHeader(GZIPInputStream.java:175) ~[?:?]
	at java.base/java.util.zip.GZIPInputStream.<init>(GZIPInputStream.java:79) ~[?:?]
	at java.base/java.util.zip.GZIPInputStream.<init>(GZIPInputStream.java:91) ~[?:?]
	at TRANSFORMER/minecraft@1.21.1/net.minecraft.nbt.NbtIo.createDecompressorStream(NbtIo.java:43) ~[neoforge-21.1.95-minecraft-merged.jar%23183!/:?]
	at TRANSFORMER/minecraft@1.21.1/net.minecraft.nbt.NbtIo.parseCompressed(NbtIo.java:69) ~[neoforge-21.1.95-minecraft-merged.jar%23183!/:?]
	at TRANSFORMER/minecraft@1.21.1/net.minecraft.nbt.NbtIo.parseCompressed(NbtIo.java:64) ~[neoforge-21.1.95-minecraft-merged.jar%23183!/:?]
	at TRANSFORMER/minecraft@1.21.1/net.minecraft.world.level.storage.LevelStorageSource.readLightweightData(LevelStorageSource.java:309) ~[neoforge-21.1.95-minecraft-merged.jar%23183!/:?]
	at TRANSFORMER/minecraft@1.21.1/net.minecraft.world.level.storage.LevelStorageSource.readLevelSummary(LevelStorageSource.java:245) ~[neoforge-21.1.95-minecraft-merged.jar%23183!/:?]
	at TRANSFORMER/minecraft@1.21.1/net.minecraft.world.level.storage.LevelStorageSource.lambda$loadLevelSummaries$3(LevelStorageSource.java:189) ~[neoforge-21.1.95-minecraft-merged.jar%23183!/:?]
	at java.base/java.util.concurrent.CompletableFuture$AsyncSupply.run(CompletableFuture.java:1768) [?:?]
	at java.base/java.util.concurrent.CompletableFuture$AsyncSupply.exec(CompletableFuture.java:1760) [?:?]
	at java.base/java.util.concurrent.ForkJoinTask.doExec(ForkJoinTask.java:387) [?:?]
	at java.base/java.util.concurrent.ForkJoinPool$WorkQueue.topLevelExec(ForkJoinPool.java:1312) [?:?]
	at java.base/java.util.concurrent.ForkJoinPool.scan(ForkJoinPool.java:1843) [?:?]
	at java.base/java.util.concurrent.ForkJoinPool.runWorker(ForkJoinPool.java:1808) [?:?]
	at java.base/java.util.concurrent.ForkJoinWorkerThread.run(ForkJoinWorkerThread.java:188) [?:?]
[073月2025 10:51:21.324] [Worker-Main-7/ERROR] [net.minecraft.world.level.storage.LevelStorageSource/]: Exception reading .\saves\新的世界 (86)\level.dat
java.io.EOFException: null
	at java.base/java.util.zip.GZIPInputStream.readUByte(GZIPInputStream.java:279) ~[?:?]
	at java.base/java.util.zip.GZIPInputStream.readUShort(GZIPInputStream.java:269) ~[?:?]
	at java.base/java.util.zip.GZIPInputStream.readHeader(GZIPInputStream.java:175) ~[?:?]
	at java.base/java.util.zip.GZIPInputStream.<init>(GZIPInputStream.java:79) ~[?:?]
	at java.base/java.util.zip.GZIPInputStream.<init>(GZIPInputStream.java:91) ~[?:?]
	at TRANSFORMER/minecraft@1.21.1/net.minecraft.nbt.NbtIo.createDecompressorStream(NbtIo.java:43) ~[neoforge-21.1.95-minecraft-merged.jar%23183!/:?]
	at TRANSFORMER/minecraft@1.21.1/net.minecraft.nbt.NbtIo.parseCompressed(NbtIo.java:69) ~[neoforge-21.1.95-minecraft-merged.jar%23183!/:?]
	at TRANSFORMER/minecraft@1.21.1/net.minecraft.nbt.NbtIo.parseCompressed(NbtIo.java:64) ~[neoforge-21.1.95-minecraft-merged.jar%23183!/:?]
	at TRANSFORMER/minecraft@1.21.1/net.minecraft.world.level.storage.LevelStorageSource.readLightweightData(LevelStorageSource.java:309) ~[neoforge-21.1.95-minecraft-merged.jar%23183!/:?]
	at TRANSFORMER/minecraft@1.21.1/net.minecraft.world.level.storage.LevelStorageSource.readLevelSummary(LevelStorageSource.java:245) ~[neoforge-21.1.95-minecraft-merged.jar%23183!/:?]
	at TRANSFORMER/minecraft@1.21.1/net.minecraft.world.level.storage.LevelStorageSource.lambda$loadLevelSummaries$3(LevelStorageSource.java:189) ~[neoforge-21.1.95-minecraft-merged.jar%23183!/:?]
	at java.base/java.util.concurrent.CompletableFuture$AsyncSupply.run(CompletableFuture.java:1768) [?:?]
	at java.base/java.util.concurrent.CompletableFuture$AsyncSupply.exec(CompletableFuture.java:1760) [?:?]
	at java.base/java.util.concurrent.ForkJoinTask.doExec(ForkJoinTask.java:387) [?:?]
	at java.base/java.util.concurrent.ForkJoinPool$WorkQueue.topLevelExec(ForkJoinPool.java:1312) [?:?]
	at java.base/java.util.concurrent.ForkJoinPool.scan(ForkJoinPool.java:1843) [?:?]
	at java.base/java.util.concurrent.ForkJoinPool.runWorker(ForkJoinPool.java:1808) [?:?]
	at java.base/java.util.concurrent.ForkJoinWorkerThread.run(ForkJoinWorkerThread.java:188) [?:?]
[073月2025 10:51:21.347] [Render thread/ERROR] [net.minecraft.client.gui.screens.worldselection.WorldSelectionList/]: Invalid icon for world 新的世界 (84)
java.io.IOException: Could not load image: Corrupt PNG
	at TRANSFORMER/minecraft@1.21.1/com.mojang.blaze3d.platform.NativeImage.read(NativeImage.java:151) ~[neoforge-21.1.95-minecraft-merged.jar%23183!/:?]
	at TRANSFORMER/minecraft@1.21.1/com.mojang.blaze3d.platform.NativeImage.read(NativeImage.java:111) ~[neoforge-21.1.95-minecraft-merged.jar%23183!/:?]
	at TRANSFORMER/minecraft@1.21.1/com.mojang.blaze3d.platform.NativeImage.read(NativeImage.java:101) ~[neoforge-21.1.95-minecraft-merged.jar%23183!/:?]
	at TRANSFORMER/minecraft@1.21.1/net.minecraft.client.gui.screens.worldselection.WorldSelectionList$WorldListEntry.loadIcon(WorldSelectionList.java:654) ~[neoforge-21.1.95-minecraft-merged.jar%23183!/:?]
	at TRANSFORMER/minecraft@1.21.1/net.minecraft.client.gui.screens.worldselection.WorldSelectionList$WorldListEntry.<init>(WorldSelectionList.java:339) ~[neoforge-21.1.95-minecraft-merged.jar%23183!/:?]
	at TRANSFORMER/minecraft@1.21.1/net.minecraft.client.gui.screens.worldselection.WorldSelectionList.fillLevels(WorldSelectionList.java:217) ~[neoforge-21.1.95-minecraft-merged.jar%23183!/:?]
	at TRANSFORMER/minecraft@1.21.1/net.minecraft.client.gui.screens.worldselection.WorldSelectionList.handleNewLevels(WorldSelectionList.java:176) ~[neoforge-21.1.95-minecraft-merged.jar%23183!/:?]
	at TRANSFORMER/minecraft@1.21.1/net.minecraft.client.gui.screens.worldselection.WorldSelectionList.renderWidget(WorldSelectionList.java:166) ~[neoforge-21.1.95-minecraft-merged.jar%23183!/:?]
	at TRANSFORMER/minecraft@1.21.1/net.minecraft.client.gui.components.AbstractWidget.render(AbstractWidget.java:73) ~[neoforge-21.1.95-minecraft-merged.jar%23183!/:?]
	at TRANSFORMER/minecraft@1.21.1/net.minecraft.client.gui.screens.Screen.render(Screen.java:136) ~[neoforge-21.1.95-minecraft-merged.jar%23183!/:?]
	at TRANSFORMER/minecraft@1.21.1/net.minecraft.client.gui.screens.worldselection.SelectWorldScreen.render(SelectWorldScreen.java:103) ~[neoforge-21.1.95-minecraft-merged.jar%23183!/:?]
	at TRANSFORMER/minecraft@1.21.1/net.minecraft.client.gui.screens.Screen.renderWithTooltip(Screen.java:112) ~[neoforge-21.1.95-minecraft-merged.jar%23183!/:?]
	at TRANSFORMER/neoforge@21.1.95/net.neoforged.neoforge.client.ClientHooks.drawScreenInternal(ClientHooks.java:429) ~[neoforge-21.1.95-minecraft-merged.jar%23184!/:?]
	at TRANSFORMER/neoforge@21.1.95/net.neoforged.neoforge.client.ClientHooks.drawScreen(ClientHooks.java:423) ~[neoforge-21.1.95-minecraft-merged.jar%23184!/:?]
	at TRANSFORMER/minecraft@1.21.1/net.minecraft.client.renderer.GameRenderer.render(GameRenderer.java:1098) ~[neoforge-21.1.95-minecraft-merged.jar%23183!/:?]
	at TRANSFORMER/minecraft@1.21.1/net.minecraft.client.Minecraft.runTick(Minecraft.java:1201) ~[neoforge-21.1.95-minecraft-merged.jar%23183!/:?]
	at TRANSFORMER/minecraft@1.21.1/net.minecraft.client.Minecraft.run(Minecraft.java:813) ~[neoforge-21.1.95-minecraft-merged.jar%23183!/:?]
	at TRANSFORMER/minecraft@1.21.1/net.minecraft.client.main.Main.main(Main.java:230) ~[neoforge-21.1.95-minecraft-merged.jar%23183!/:?]
	at java.base/jdk.internal.reflect.DirectMethodHandleAccessor.invoke(DirectMethodHandleAccessor.java:103) ~[?:?]
	at java.base/java.lang.reflect.Method.invoke(Method.java:580) ~[?:?]
	at MC-BOOTSTRAP/fml_loader@4.0.34/net.neoforged.fml.loading.targets.CommonLaunchHandler.runTarget(CommonLaunchHandler.java:136) ~[loader-4.0.34.jar%23139!/:4.0]
	at MC-BOOTSTRAP/fml_loader@4.0.34/net.neoforged.fml.loading.targets.CommonLaunchHandler.clientService(CommonLaunchHandler.java:124) ~[loader-4.0.34.jar%23139!/:4.0]
	at MC-BOOTSTRAP/fml_loader@4.0.34/net.neoforged.fml.loading.targets.NeoForgeClientUserdevLaunchHandler.runService(NeoForgeClientUserdevLaunchHandler.java:23) ~[loader-4.0.34.jar%23139!/:4.0]
	at MC-BOOTSTRAP/fml_loader@4.0.34/net.neoforged.fml.loading.targets.CommonLaunchHandler.lambda$launchService$4(CommonLaunchHandler.java:118) ~[loader-4.0.34.jar%23139!/:4.0]
	at MC-BOOTSTRAP/cpw.mods.modlauncher@11.0.4/cpw.mods.modlauncher.LaunchServiceHandlerDecorator.launch(LaunchServiceHandlerDecorator.java:30) [modlauncher-11.0.4.jar%23121!/:?]
	at MC-BOOTSTRAP/cpw.mods.modlauncher@11.0.4/cpw.mods.modlauncher.LaunchServiceHandler.launch(LaunchServiceHandler.java:53) [modlauncher-11.0.4.jar%23121!/:?]
	at MC-BOOTSTRAP/cpw.mods.modlauncher@11.0.4/cpw.mods.modlauncher.LaunchServiceHandler.launch(LaunchServiceHandler.java:71) [modlauncher-11.0.4.jar%23121!/:?]
	at MC-BOOTSTRAP/cpw.mods.modlauncher@11.0.4/cpw.mods.modlauncher.Launcher.run(Launcher.java:103) [modlauncher-11.0.4.jar%23121!/:?]
	at MC-BOOTSTRAP/cpw.mods.modlauncher@11.0.4/cpw.mods.modlauncher.Launcher.main(Launcher.java:74) [modlauncher-11.0.4.jar%23121!/:?]
	at MC-BOOTSTRAP/cpw.mods.modlauncher@11.0.4/cpw.mods.modlauncher.BootstrapLaunchConsumer.accept(BootstrapLaunchConsumer.java:26) [modlauncher-11.0.4.jar%23121!/:?]
	at MC-BOOTSTRAP/cpw.mods.modlauncher@11.0.4/cpw.mods.modlauncher.BootstrapLaunchConsumer.accept(BootstrapLaunchConsumer.java:23) [modlauncher-11.0.4.jar%23121!/:?]
	at cpw.mods.bootstraplauncher@2.0.2/cpw.mods.bootstraplauncher.BootstrapLauncher.run(BootstrapLauncher.java:210) [bootstraplauncher-2.0.2.jar:?]
	at cpw.mods.bootstraplauncher@2.0.2/cpw.mods.bootstraplauncher.BootstrapLauncher.main(BootstrapLauncher.java:69) [bootstraplauncher-2.0.2.jar:?]
	at java.base/jdk.internal.reflect.DirectMethodHandleAccessor.invoke(DirectMethodHandleAccessor.java:103) ~[?:?]
	at java.base/java.lang.reflect.Method.invoke(Method.java:580) ~[?:?]
	at DevLaunch@1.0.1/net.neoforged.devlaunch.Main.main(Main.java:55) [DevLaunch-1.0.1.jar:?]
[073月2025 10:51:21.348] [Render thread/ERROR] [net.minecraft.client.gui.screens.worldselection.WorldSelectionList/]: Invalid icon for world 新的世界 (85)
java.io.IOException: Could not load image: Corrupt PNG
	at TRANSFORMER/minecraft@1.21.1/com.mojang.blaze3d.platform.NativeImage.read(NativeImage.java:151) ~[neoforge-21.1.95-minecraft-merged.jar%23183!/:?]
	at TRANSFORMER/minecraft@1.21.1/com.mojang.blaze3d.platform.NativeImage.read(NativeImage.java:111) ~[neoforge-21.1.95-minecraft-merged.jar%23183!/:?]
	at TRANSFORMER/minecraft@1.21.1/com.mojang.blaze3d.platform.NativeImage.read(NativeImage.java:101) ~[neoforge-21.1.95-minecraft-merged.jar%23183!/:?]
	at TRANSFORMER/minecraft@1.21.1/net.minecraft.client.gui.screens.worldselection.WorldSelectionList$WorldListEntry.loadIcon(WorldSelectionList.java:654) ~[neoforge-21.1.95-minecraft-merged.jar%23183!/:?]
	at TRANSFORMER/minecraft@1.21.1/net.minecraft.client.gui.screens.worldselection.WorldSelectionList$WorldListEntry.<init>(WorldSelectionList.java:339) ~[neoforge-21.1.95-minecraft-merged.jar%23183!/:?]
	at TRANSFORMER/minecraft@1.21.1/net.minecraft.client.gui.screens.worldselection.WorldSelectionList.fillLevels(WorldSelectionList.java:217) ~[neoforge-21.1.95-minecraft-merged.jar%23183!/:?]
	at TRANSFORMER/minecraft@1.21.1/net.minecraft.client.gui.screens.worldselection.WorldSelectionList.handleNewLevels(WorldSelectionList.java:176) ~[neoforge-21.1.95-minecraft-merged.jar%23183!/:?]
	at TRANSFORMER/minecraft@1.21.1/net.minecraft.client.gui.screens.worldselection.WorldSelectionList.renderWidget(WorldSelectionList.java:166) ~[neoforge-21.1.95-minecraft-merged.jar%23183!/:?]
	at TRANSFORMER/minecraft@1.21.1/net.minecraft.client.gui.components.AbstractWidget.render(AbstractWidget.java:73) ~[neoforge-21.1.95-minecraft-merged.jar%23183!/:?]
	at TRANSFORMER/minecraft@1.21.1/net.minecraft.client.gui.screens.Screen.render(Screen.java:136) ~[neoforge-21.1.95-minecraft-merged.jar%23183!/:?]
	at TRANSFORMER/minecraft@1.21.1/net.minecraft.client.gui.screens.worldselection.SelectWorldScreen.render(SelectWorldScreen.java:103) ~[neoforge-21.1.95-minecraft-merged.jar%23183!/:?]
	at TRANSFORMER/minecraft@1.21.1/net.minecraft.client.gui.screens.Screen.renderWithTooltip(Screen.java:112) ~[neoforge-21.1.95-minecraft-merged.jar%23183!/:?]
	at TRANSFORMER/neoforge@21.1.95/net.neoforged.neoforge.client.ClientHooks.drawScreenInternal(ClientHooks.java:429) ~[neoforge-21.1.95-minecraft-merged.jar%23184!/:?]
	at TRANSFORMER/neoforge@21.1.95/net.neoforged.neoforge.client.ClientHooks.drawScreen(ClientHooks.java:423) ~[neoforge-21.1.95-minecraft-merged.jar%23184!/:?]
	at TRANSFORMER/minecraft@1.21.1/net.minecraft.client.renderer.GameRenderer.render(GameRenderer.java:1098) ~[neoforge-21.1.95-minecraft-merged.jar%23183!/:?]
	at TRANSFORMER/minecraft@1.21.1/net.minecraft.client.Minecraft.runTick(Minecraft.java:1201) ~[neoforge-21.1.95-minecraft-merged.jar%23183!/:?]
	at TRANSFORMER/minecraft@1.21.1/net.minecraft.client.Minecraft.run(Minecraft.java:813) ~[neoforge-21.1.95-minecraft-merged.jar%23183!/:?]
	at TRANSFORMER/minecraft@1.21.1/net.minecraft.client.main.Main.main(Main.java:230) ~[neoforge-21.1.95-minecraft-merged.jar%23183!/:?]
	at java.base/jdk.internal.reflect.DirectMethodHandleAccessor.invoke(DirectMethodHandleAccessor.java:103) ~[?:?]
	at java.base/java.lang.reflect.Method.invoke(Method.java:580) ~[?:?]
	at MC-BOOTSTRAP/fml_loader@4.0.34/net.neoforged.fml.loading.targets.CommonLaunchHandler.runTarget(CommonLaunchHandler.java:136) ~[loader-4.0.34.jar%23139!/:4.0]
	at MC-BOOTSTRAP/fml_loader@4.0.34/net.neoforged.fml.loading.targets.CommonLaunchHandler.clientService(CommonLaunchHandler.java:124) ~[loader-4.0.34.jar%23139!/:4.0]
	at MC-BOOTSTRAP/fml_loader@4.0.34/net.neoforged.fml.loading.targets.NeoForgeClientUserdevLaunchHandler.runService(NeoForgeClientUserdevLaunchHandler.java:23) ~[loader-4.0.34.jar%23139!/:4.0]
	at MC-BOOTSTRAP/fml_loader@4.0.34/net.neoforged.fml.loading.targets.CommonLaunchHandler.lambda$launchService$4(CommonLaunchHandler.java:118) ~[loader-4.0.34.jar%23139!/:4.0]
	at MC-BOOTSTRAP/cpw.mods.modlauncher@11.0.4/cpw.mods.modlauncher.LaunchServiceHandlerDecorator.launch(LaunchServiceHandlerDecorator.java:30) [modlauncher-11.0.4.jar%23121!/:?]
	at MC-BOOTSTRAP/cpw.mods.modlauncher@11.0.4/cpw.mods.modlauncher.LaunchServiceHandler.launch(LaunchServiceHandler.java:53) [modlauncher-11.0.4.jar%23121!/:?]
	at MC-BOOTSTRAP/cpw.mods.modlauncher@11.0.4/cpw.mods.modlauncher.LaunchServiceHandler.launch(LaunchServiceHandler.java:71) [modlauncher-11.0.4.jar%23121!/:?]
	at MC-BOOTSTRAP/cpw.mods.modlauncher@11.0.4/cpw.mods.modlauncher.Launcher.run(Launcher.java:103) [modlauncher-11.0.4.jar%23121!/:?]
	at MC-BOOTSTRAP/cpw.mods.modlauncher@11.0.4/cpw.mods.modlauncher.Launcher.main(Launcher.java:74) [modlauncher-11.0.4.jar%23121!/:?]
	at MC-BOOTSTRAP/cpw.mods.modlauncher@11.0.4/cpw.mods.modlauncher.BootstrapLaunchConsumer.accept(BootstrapLaunchConsumer.java:26) [modlauncher-11.0.4.jar%23121!/:?]
	at MC-BOOTSTRAP/cpw.mods.modlauncher@11.0.4/cpw.mods.modlauncher.BootstrapLaunchConsumer.accept(BootstrapLaunchConsumer.java:23) [modlauncher-11.0.4.jar%23121!/:?]
	at cpw.mods.bootstraplauncher@2.0.2/cpw.mods.bootstraplauncher.BootstrapLauncher.run(BootstrapLauncher.java:210) [bootstraplauncher-2.0.2.jar:?]
	at cpw.mods.bootstraplauncher@2.0.2/cpw.mods.bootstraplauncher.BootstrapLauncher.main(BootstrapLauncher.java:69) [bootstraplauncher-2.0.2.jar:?]
	at java.base/jdk.internal.reflect.DirectMethodHandleAccessor.invoke(DirectMethodHandleAccessor.java:103) ~[?:?]
	at java.base/java.lang.reflect.Method.invoke(Method.java:580) ~[?:?]
	at DevLaunch@1.0.1/net.neoforged.devlaunch.Main.main(Main.java:55) [DevLaunch-1.0.1.jar:?]
[073月2025 10:51:21.350] [Render thread/ERROR] [net.minecraft.client.gui.screens.worldselection.WorldSelectionList/]: Invalid icon for world 新的世界 (87)
java.io.IOException: Could not load image: Corrupt PNG
	at TRANSFORMER/minecraft@1.21.1/com.mojang.blaze3d.platform.NativeImage.read(NativeImage.java:151) ~[neoforge-21.1.95-minecraft-merged.jar%23183!/:?]
	at TRANSFORMER/minecraft@1.21.1/com.mojang.blaze3d.platform.NativeImage.read(NativeImage.java:111) ~[neoforge-21.1.95-minecraft-merged.jar%23183!/:?]
	at TRANSFORMER/minecraft@1.21.1/com.mojang.blaze3d.platform.NativeImage.read(NativeImage.java:101) ~[neoforge-21.1.95-minecraft-merged.jar%23183!/:?]
	at TRANSFORMER/minecraft@1.21.1/net.minecraft.client.gui.screens.worldselection.WorldSelectionList$WorldListEntry.loadIcon(WorldSelectionList.java:654) ~[neoforge-21.1.95-minecraft-merged.jar%23183!/:?]
	at TRANSFORMER/minecraft@1.21.1/net.minecraft.client.gui.screens.worldselection.WorldSelectionList$WorldListEntry.<init>(WorldSelectionList.java:339) ~[neoforge-21.1.95-minecraft-merged.jar%23183!/:?]
	at TRANSFORMER/minecraft@1.21.1/net.minecraft.client.gui.screens.worldselection.WorldSelectionList.fillLevels(WorldSelectionList.java:217) ~[neoforge-21.1.95-minecraft-merged.jar%23183!/:?]
	at TRANSFORMER/minecraft@1.21.1/net.minecraft.client.gui.screens.worldselection.WorldSelectionList.handleNewLevels(WorldSelectionList.java:176) ~[neoforge-21.1.95-minecraft-merged.jar%23183!/:?]
	at TRANSFORMER/minecraft@1.21.1/net.minecraft.client.gui.screens.worldselection.WorldSelectionList.renderWidget(WorldSelectionList.java:166) ~[neoforge-21.1.95-minecraft-merged.jar%23183!/:?]
	at TRANSFORMER/minecraft@1.21.1/net.minecraft.client.gui.components.AbstractWidget.render(AbstractWidget.java:73) ~[neoforge-21.1.95-minecraft-merged.jar%23183!/:?]
	at TRANSFORMER/minecraft@1.21.1/net.minecraft.client.gui.screens.Screen.render(Screen.java:136) ~[neoforge-21.1.95-minecraft-merged.jar%23183!/:?]
	at TRANSFORMER/minecraft@1.21.1/net.minecraft.client.gui.screens.worldselection.SelectWorldScreen.render(SelectWorldScreen.java:103) ~[neoforge-21.1.95-minecraft-merged.jar%23183!/:?]
	at TRANSFORMER/minecraft@1.21.1/net.minecraft.client.gui.screens.Screen.renderWithTooltip(Screen.java:112) ~[neoforge-21.1.95-minecraft-merged.jar%23183!/:?]
	at TRANSFORMER/neoforge@21.1.95/net.neoforged.neoforge.client.ClientHooks.drawScreenInternal(ClientHooks.java:429) ~[neoforge-21.1.95-minecraft-merged.jar%23184!/:?]
	at TRANSFORMER/neoforge@21.1.95/net.neoforged.neoforge.client.ClientHooks.drawScreen(ClientHooks.java:423) ~[neoforge-21.1.95-minecraft-merged.jar%23184!/:?]
	at TRANSFORMER/minecraft@1.21.1/net.minecraft.client.renderer.GameRenderer.render(GameRenderer.java:1098) ~[neoforge-21.1.95-minecraft-merged.jar%23183!/:?]
	at TRANSFORMER/minecraft@1.21.1/net.minecraft.client.Minecraft.runTick(Minecraft.java:1201) ~[neoforge-21.1.95-minecraft-merged.jar%23183!/:?]
	at TRANSFORMER/minecraft@1.21.1/net.minecraft.client.Minecraft.run(Minecraft.java:813) ~[neoforge-21.1.95-minecraft-merged.jar%23183!/:?]
	at TRANSFORMER/minecraft@1.21.1/net.minecraft.client.main.Main.main(Main.java:230) ~[neoforge-21.1.95-minecraft-merged.jar%23183!/:?]
	at java.base/jdk.internal.reflect.DirectMethodHandleAccessor.invoke(DirectMethodHandleAccessor.java:103) ~[?:?]
	at java.base/java.lang.reflect.Method.invoke(Method.java:580) ~[?:?]
	at MC-BOOTSTRAP/fml_loader@4.0.34/net.neoforged.fml.loading.targets.CommonLaunchHandler.runTarget(CommonLaunchHandler.java:136) ~[loader-4.0.34.jar%23139!/:4.0]
	at MC-BOOTSTRAP/fml_loader@4.0.34/net.neoforged.fml.loading.targets.CommonLaunchHandler.clientService(CommonLaunchHandler.java:124) ~[loader-4.0.34.jar%23139!/:4.0]
	at MC-BOOTSTRAP/fml_loader@4.0.34/net.neoforged.fml.loading.targets.NeoForgeClientUserdevLaunchHandler.runService(NeoForgeClientUserdevLaunchHandler.java:23) ~[loader-4.0.34.jar%23139!/:4.0]
	at MC-BOOTSTRAP/fml_loader@4.0.34/net.neoforged.fml.loading.targets.CommonLaunchHandler.lambda$launchService$4(CommonLaunchHandler.java:118) ~[loader-4.0.34.jar%23139!/:4.0]
	at MC-BOOTSTRAP/cpw.mods.modlauncher@11.0.4/cpw.mods.modlauncher.LaunchServiceHandlerDecorator.launch(LaunchServiceHandlerDecorator.java:30) [modlauncher-11.0.4.jar%23121!/:?]
	at MC-BOOTSTRAP/cpw.mods.modlauncher@11.0.4/cpw.mods.modlauncher.LaunchServiceHandler.launch(LaunchServiceHandler.java:53) [modlauncher-11.0.4.jar%23121!/:?]
	at MC-BOOTSTRAP/cpw.mods.modlauncher@11.0.4/cpw.mods.modlauncher.LaunchServiceHandler.launch(LaunchServiceHandler.java:71) [modlauncher-11.0.4.jar%23121!/:?]
	at MC-BOOTSTRAP/cpw.mods.modlauncher@11.0.4/cpw.mods.modlauncher.Launcher.run(Launcher.java:103) [modlauncher-11.0.4.jar%23121!/:?]
	at MC-BOOTSTRAP/cpw.mods.modlauncher@11.0.4/cpw.mods.modlauncher.Launcher.main(Launcher.java:74) [modlauncher-11.0.4.jar%23121!/:?]
	at MC-BOOTSTRAP/cpw.mods.modlauncher@11.0.4/cpw.mods.modlauncher.BootstrapLaunchConsumer.accept(BootstrapLaunchConsumer.java:26) [modlauncher-11.0.4.jar%23121!/:?]
	at MC-BOOTSTRAP/cpw.mods.modlauncher@11.0.4/cpw.mods.modlauncher.BootstrapLaunchConsumer.accept(BootstrapLaunchConsumer.java:23) [modlauncher-11.0.4.jar%23121!/:?]
	at cpw.mods.bootstraplauncher@2.0.2/cpw.mods.bootstraplauncher.BootstrapLauncher.run(BootstrapLauncher.java:210) [bootstraplauncher-2.0.2.jar:?]
	at cpw.mods.bootstraplauncher@2.0.2/cpw.mods.bootstraplauncher.BootstrapLauncher.main(BootstrapLauncher.java:69) [bootstraplauncher-2.0.2.jar:?]
	at java.base/jdk.internal.reflect.DirectMethodHandleAccessor.invoke(DirectMethodHandleAccessor.java:103) ~[?:?]
	at java.base/java.lang.reflect.Method.invoke(Method.java:580) ~[?:?]
	at DevLaunch@1.0.1/net.neoforged.devlaunch.Main.main(Main.java:55) [DevLaunch-1.0.1.jar:?]
[073月2025 10:51:21.350] [Render thread/ERROR] [net.minecraft.client.gui.screens.worldselection.WorldSelectionList/]: Invalid icon for world 新的世界 (88)
java.io.IOException: Could not load image: Corrupt PNG
	at TRANSFORMER/minecraft@1.21.1/com.mojang.blaze3d.platform.NativeImage.read(NativeImage.java:151) ~[neoforge-21.1.95-minecraft-merged.jar%23183!/:?]
	at TRANSFORMER/minecraft@1.21.1/com.mojang.blaze3d.platform.NativeImage.read(NativeImage.java:111) ~[neoforge-21.1.95-minecraft-merged.jar%23183!/:?]
	at TRANSFORMER/minecraft@1.21.1/com.mojang.blaze3d.platform.NativeImage.read(NativeImage.java:101) ~[neoforge-21.1.95-minecraft-merged.jar%23183!/:?]
	at TRANSFORMER/minecraft@1.21.1/net.minecraft.client.gui.screens.worldselection.WorldSelectionList$WorldListEntry.loadIcon(WorldSelectionList.java:654) ~[neoforge-21.1.95-minecraft-merged.jar%23183!/:?]
	at TRANSFORMER/minecraft@1.21.1/net.minecraft.client.gui.screens.worldselection.WorldSelectionList$WorldListEntry.<init>(WorldSelectionList.java:339) ~[neoforge-21.1.95-minecraft-merged.jar%23183!/:?]
	at TRANSFORMER/minecraft@1.21.1/net.minecraft.client.gui.screens.worldselection.WorldSelectionList.fillLevels(WorldSelectionList.java:217) ~[neoforge-21.1.95-minecraft-merged.jar%23183!/:?]
	at TRANSFORMER/minecraft@1.21.1/net.minecraft.client.gui.screens.worldselection.WorldSelectionList.handleNewLevels(WorldSelectionList.java:176) ~[neoforge-21.1.95-minecraft-merged.jar%23183!/:?]
	at TRANSFORMER/minecraft@1.21.1/net.minecraft.client.gui.screens.worldselection.WorldSelectionList.renderWidget(WorldSelectionList.java:166) ~[neoforge-21.1.95-minecraft-merged.jar%23183!/:?]
	at TRANSFORMER/minecraft@1.21.1/net.minecraft.client.gui.components.AbstractWidget.render(AbstractWidget.java:73) ~[neoforge-21.1.95-minecraft-merged.jar%23183!/:?]
	at TRANSFORMER/minecraft@1.21.1/net.minecraft.client.gui.screens.Screen.render(Screen.java:136) ~[neoforge-21.1.95-minecraft-merged.jar%23183!/:?]
	at TRANSFORMER/minecraft@1.21.1/net.minecraft.client.gui.screens.worldselection.SelectWorldScreen.render(SelectWorldScreen.java:103) ~[neoforge-21.1.95-minecraft-merged.jar%23183!/:?]
	at TRANSFORMER/minecraft@1.21.1/net.minecraft.client.gui.screens.Screen.renderWithTooltip(Screen.java:112) ~[neoforge-21.1.95-minecraft-merged.jar%23183!/:?]
	at TRANSFORMER/neoforge@21.1.95/net.neoforged.neoforge.client.ClientHooks.drawScreenInternal(ClientHooks.java:429) ~[neoforge-21.1.95-minecraft-merged.jar%23184!/:?]
	at TRANSFORMER/neoforge@21.1.95/net.neoforged.neoforge.client.ClientHooks.drawScreen(ClientHooks.java:423) ~[neoforge-21.1.95-minecraft-merged.jar%23184!/:?]
	at TRANSFORMER/minecraft@1.21.1/net.minecraft.client.renderer.GameRenderer.render(GameRenderer.java:1098) ~[neoforge-21.1.95-minecraft-merged.jar%23183!/:?]
	at TRANSFORMER/minecraft@1.21.1/net.minecraft.client.Minecraft.runTick(Minecraft.java:1201) ~[neoforge-21.1.95-minecraft-merged.jar%23183!/:?]
	at TRANSFORMER/minecraft@1.21.1/net.minecraft.client.Minecraft.run(Minecraft.java:813) ~[neoforge-21.1.95-minecraft-merged.jar%23183!/:?]
	at TRANSFORMER/minecraft@1.21.1/net.minecraft.client.main.Main.main(Main.java:230) ~[neoforge-21.1.95-minecraft-merged.jar%23183!/:?]
	at java.base/jdk.internal.reflect.DirectMethodHandleAccessor.invoke(DirectMethodHandleAccessor.java:103) ~[?:?]
	at java.base/java.lang.reflect.Method.invoke(Method.java:580) ~[?:?]
	at MC-BOOTSTRAP/fml_loader@4.0.34/net.neoforged.fml.loading.targets.CommonLaunchHandler.runTarget(CommonLaunchHandler.java:136) ~[loader-4.0.34.jar%23139!/:4.0]
	at MC-BOOTSTRAP/fml_loader@4.0.34/net.neoforged.fml.loading.targets.CommonLaunchHandler.clientService(CommonLaunchHandler.java:124) ~[loader-4.0.34.jar%23139!/:4.0]
	at MC-BOOTSTRAP/fml_loader@4.0.34/net.neoforged.fml.loading.targets.NeoForgeClientUserdevLaunchHandler.runService(NeoForgeClientUserdevLaunchHandler.java:23) ~[loader-4.0.34.jar%23139!/:4.0]
	at MC-BOOTSTRAP/fml_loader@4.0.34/net.neoforged.fml.loading.targets.CommonLaunchHandler.lambda$launchService$4(CommonLaunchHandler.java:118) ~[loader-4.0.34.jar%23139!/:4.0]
	at MC-BOOTSTRAP/cpw.mods.modlauncher@11.0.4/cpw.mods.modlauncher.LaunchServiceHandlerDecorator.launch(LaunchServiceHandlerDecorator.java:30) [modlauncher-11.0.4.jar%23121!/:?]
	at MC-BOOTSTRAP/cpw.mods.modlauncher@11.0.4/cpw.mods.modlauncher.LaunchServiceHandler.launch(LaunchServiceHandler.java:53) [modlauncher-11.0.4.jar%23121!/:?]
	at MC-BOOTSTRAP/cpw.mods.modlauncher@11.0.4/cpw.mods.modlauncher.LaunchServiceHandler.launch(LaunchServiceHandler.java:71) [modlauncher-11.0.4.jar%23121!/:?]
	at MC-BOOTSTRAP/cpw.mods.modlauncher@11.0.4/cpw.mods.modlauncher.Launcher.run(Launcher.java:103) [modlauncher-11.0.4.jar%23121!/:?]
	at MC-BOOTSTRAP/cpw.mods.modlauncher@11.0.4/cpw.mods.modlauncher.Launcher.main(Launcher.java:74) [modlauncher-11.0.4.jar%23121!/:?]
	at MC-BOOTSTRAP/cpw.mods.modlauncher@11.0.4/cpw.mods.modlauncher.BootstrapLaunchConsumer.accept(BootstrapLaunchConsumer.java:26) [modlauncher-11.0.4.jar%23121!/:?]
	at MC-BOOTSTRAP/cpw.mods.modlauncher@11.0.4/cpw.mods.modlauncher.BootstrapLaunchConsumer.accept(BootstrapLaunchConsumer.java:23) [modlauncher-11.0.4.jar%23121!/:?]
	at cpw.mods.bootstraplauncher@2.0.2/cpw.mods.bootstraplauncher.BootstrapLauncher.run(BootstrapLauncher.java:210) [bootstraplauncher-2.0.2.jar:?]
	at cpw.mods.bootstraplauncher@2.0.2/cpw.mods.bootstraplauncher.BootstrapLauncher.main(BootstrapLauncher.java:69) [bootstraplauncher-2.0.2.jar:?]
	at java.base/jdk.internal.reflect.DirectMethodHandleAccessor.invoke(DirectMethodHandleAccessor.java:103) ~[?:?]
	at java.base/java.lang.reflect.Method.invoke(Method.java:580) ~[?:?]
	at DevLaunch@1.0.1/net.neoforged.devlaunch.Main.main(Main.java:55) [DevLaunch-1.0.1.jar:?]
[073月2025 10:51:21.351] [Render thread/ERROR] [net.minecraft.client.gui.screens.worldselection.WorldSelectionList/]: Invalid icon for world 新的世界 (89)
java.io.IOException: Could not load image: Corrupt PNG
	at TRANSFORMER/minecraft@1.21.1/com.mojang.blaze3d.platform.NativeImage.read(NativeImage.java:151) ~[neoforge-21.1.95-minecraft-merged.jar%23183!/:?]
	at TRANSFORMER/minecraft@1.21.1/com.mojang.blaze3d.platform.NativeImage.read(NativeImage.java:111) ~[neoforge-21.1.95-minecraft-merged.jar%23183!/:?]
	at TRANSFORMER/minecraft@1.21.1/com.mojang.blaze3d.platform.NativeImage.read(NativeImage.java:101) ~[neoforge-21.1.95-minecraft-merged.jar%23183!/:?]
	at TRANSFORMER/minecraft@1.21.1/net.minecraft.client.gui.screens.worldselection.WorldSelectionList$WorldListEntry.loadIcon(WorldSelectionList.java:654) ~[neoforge-21.1.95-minecraft-merged.jar%23183!/:?]
	at TRANSFORMER/minecraft@1.21.1/net.minecraft.client.gui.screens.worldselection.WorldSelectionList$WorldListEntry.<init>(WorldSelectionList.java:339) ~[neoforge-21.1.95-minecraft-merged.jar%23183!/:?]
	at TRANSFORMER/minecraft@1.21.1/net.minecraft.client.gui.screens.worldselection.WorldSelectionList.fillLevels(WorldSelectionList.java:217) ~[neoforge-21.1.95-minecraft-merged.jar%23183!/:?]
	at TRANSFORMER/minecraft@1.21.1/net.minecraft.client.gui.screens.worldselection.WorldSelectionList.handleNewLevels(WorldSelectionList.java:176) ~[neoforge-21.1.95-minecraft-merged.jar%23183!/:?]
	at TRANSFORMER/minecraft@1.21.1/net.minecraft.client.gui.screens.worldselection.WorldSelectionList.renderWidget(WorldSelectionList.java:166) ~[neoforge-21.1.95-minecraft-merged.jar%23183!/:?]
	at TRANSFORMER/minecraft@1.21.1/net.minecraft.client.gui.components.AbstractWidget.render(AbstractWidget.java:73) ~[neoforge-21.1.95-minecraft-merged.jar%23183!/:?]
	at TRANSFORMER/minecraft@1.21.1/net.minecraft.client.gui.screens.Screen.render(Screen.java:136) ~[neoforge-21.1.95-minecraft-merged.jar%23183!/:?]
	at TRANSFORMER/minecraft@1.21.1/net.minecraft.client.gui.screens.worldselection.SelectWorldScreen.render(SelectWorldScreen.java:103) ~[neoforge-21.1.95-minecraft-merged.jar%23183!/:?]
	at TRANSFORMER/minecraft@1.21.1/net.minecraft.client.gui.screens.Screen.renderWithTooltip(Screen.java:112) ~[neoforge-21.1.95-minecraft-merged.jar%23183!/:?]
	at TRANSFORMER/neoforge@21.1.95/net.neoforged.neoforge.client.ClientHooks.drawScreenInternal(ClientHooks.java:429) ~[neoforge-21.1.95-minecraft-merged.jar%23184!/:?]
	at TRANSFORMER/neoforge@21.1.95/net.neoforged.neoforge.client.ClientHooks.drawScreen(ClientHooks.java:423) ~[neoforge-21.1.95-minecraft-merged.jar%23184!/:?]
	at TRANSFORMER/minecraft@1.21.1/net.minecraft.client.renderer.GameRenderer.render(GameRenderer.java:1098) ~[neoforge-21.1.95-minecraft-merged.jar%23183!/:?]
	at TRANSFORMER/minecraft@1.21.1/net.minecraft.client.Minecraft.runTick(Minecraft.java:1201) ~[neoforge-21.1.95-minecraft-merged.jar%23183!/:?]
	at TRANSFORMER/minecraft@1.21.1/net.minecraft.client.Minecraft.run(Minecraft.java:813) ~[neoforge-21.1.95-minecraft-merged.jar%23183!/:?]
	at TRANSFORMER/minecraft@1.21.1/net.minecraft.client.main.Main.main(Main.java:230) ~[neoforge-21.1.95-minecraft-merged.jar%23183!/:?]
	at java.base/jdk.internal.reflect.DirectMethodHandleAccessor.invoke(DirectMethodHandleAccessor.java:103) ~[?:?]
	at java.base/java.lang.reflect.Method.invoke(Method.java:580) ~[?:?]
	at MC-BOOTSTRAP/fml_loader@4.0.34/net.neoforged.fml.loading.targets.CommonLaunchHandler.runTarget(CommonLaunchHandler.java:136) ~[loader-4.0.34.jar%23139!/:4.0]
	at MC-BOOTSTRAP/fml_loader@4.0.34/net.neoforged.fml.loading.targets.CommonLaunchHandler.clientService(CommonLaunchHandler.java:124) ~[loader-4.0.34.jar%23139!/:4.0]
	at MC-BOOTSTRAP/fml_loader@4.0.34/net.neoforged.fml.loading.targets.NeoForgeClientUserdevLaunchHandler.runService(NeoForgeClientUserdevLaunchHandler.java:23) ~[loader-4.0.34.jar%23139!/:4.0]
	at MC-BOOTSTRAP/fml_loader@4.0.34/net.neoforged.fml.loading.targets.CommonLaunchHandler.lambda$launchService$4(CommonLaunchHandler.java:118) ~[loader-4.0.34.jar%23139!/:4.0]
	at MC-BOOTSTRAP/cpw.mods.modlauncher@11.0.4/cpw.mods.modlauncher.LaunchServiceHandlerDecorator.launch(LaunchServiceHandlerDecorator.java:30) [modlauncher-11.0.4.jar%23121!/:?]
	at MC-BOOTSTRAP/cpw.mods.modlauncher@11.0.4/cpw.mods.modlauncher.LaunchServiceHandler.launch(LaunchServiceHandler.java:53) [modlauncher-11.0.4.jar%23121!/:?]
	at MC-BOOTSTRAP/cpw.mods.modlauncher@11.0.4/cpw.mods.modlauncher.LaunchServiceHandler.launch(LaunchServiceHandler.java:71) [modlauncher-11.0.4.jar%23121!/:?]
	at MC-BOOTSTRAP/cpw.mods.modlauncher@11.0.4/cpw.mods.modlauncher.Launcher.run(Launcher.java:103) [modlauncher-11.0.4.jar%23121!/:?]
	at MC-BOOTSTRAP/cpw.mods.modlauncher@11.0.4/cpw.mods.modlauncher.Launcher.main(Launcher.java:74) [modlauncher-11.0.4.jar%23121!/:?]
	at MC-BOOTSTRAP/cpw.mods.modlauncher@11.0.4/cpw.mods.modlauncher.BootstrapLaunchConsumer.accept(BootstrapLaunchConsumer.java:26) [modlauncher-11.0.4.jar%23121!/:?]
	at MC-BOOTSTRAP/cpw.mods.modlauncher@11.0.4/cpw.mods.modlauncher.BootstrapLaunchConsumer.accept(BootstrapLaunchConsumer.java:23) [modlauncher-11.0.4.jar%23121!/:?]
	at cpw.mods.bootstraplauncher@2.0.2/cpw.mods.bootstraplauncher.BootstrapLauncher.run(BootstrapLauncher.java:210) [bootstraplauncher-2.0.2.jar:?]
	at cpw.mods.bootstraplauncher@2.0.2/cpw.mods.bootstraplauncher.BootstrapLauncher.main(BootstrapLauncher.java:69) [bootstraplauncher-2.0.2.jar:?]
	at java.base/jdk.internal.reflect.DirectMethodHandleAccessor.invoke(DirectMethodHandleAccessor.java:103) ~[?:?]
	at java.base/java.lang.reflect.Method.invoke(Method.java:580) ~[?:?]
	at DevLaunch@1.0.1/net.neoforged.devlaunch.Main.main(Main.java:55) [DevLaunch-1.0.1.jar:?]
[073月2025 10:51:22.055] [Worker-Main-14/ERROR] [net.minecraft.world.level.storage.loot.LootDataType/]: Couldn't parse element ResourceKey[minecraft:root / minecraft:loot_table]:samurai_dynasty:blocks/tanuki_statue - Failed to parse either. First: No key block in MapLike[{"condition":"minecraft:block_state_property","properties":{"half":"lower"}}]; Second: Not a json array: {"condition":"minecraft:block_state_property","properties":{"half":"lower"}}; Unknown registry key in ResourceKey[minecraft:root / minecraft:item]: minecraft:tanuki_statue
[073月2025 10:51:22.066] [Worker-Main-14/ERROR] [net.minecraft.world.level.storage.loot.LootDataType/]: Couldn't parse element ResourceKey[minecraft:root / minecraft:loot_table]:samurai_dynasty:blocks/kawauso_statue - Failed to parse either. First: No key block in MapLike[{"condition":"minecraft:block_state_property","properties":{"half":"lower"}}]; Second: Not a json array: {"condition":"minecraft:block_state_property","properties":{"half":"lower"}}; Unknown registry key in ResourceKey[minecraft:root / minecraft:item]: minecraft:kawauso_statue
[073月2025 10:51:22.082] [Worker-Main-14/ERROR] [net.minecraft.world.level.storage.loot.LootDataType/]: Couldn't parse element ResourceKey[minecraft:root / minecraft:loot_table]:samurai_dynasty:blocks/komainu_statue - Failed to parse either. First: No key block in MapLike[{"condition":"minecraft:block_state_property","properties":{"half":"lower"}}]; Second: Not a json array: {"condition":"minecraft:block_state_property","properties":{"half":"lower"}}; Unknown registry key in ResourceKey[minecraft:root / minecraft:item]: minecraft:komainu_statue
[073月2025 10:51:22.194] [Worker-Main-3/ERROR] [net.minecraft.tags.TagLoader/]: Couldn't load tag c:storage_blocks as it is missing following references: 
	#neoforge:storage_blocks/jade (from mod/samurai_dynasty)
	#neoforge:storage_blocks/steel (from mod/samurai_dynasty)
[073月2025 10:51:22.195] [Worker-Main-14/ERROR] [net.minecraft.tags.TagLoader/]: Couldn't load tag c:nuggets as it is missing following references: 
	#neoforge:nuggets/steel (from mod/samurai_dynasty)
[073月2025 10:51:22.195] [Worker-Main-14/ERROR] [net.minecraft.tags.TagLoader/]: Couldn't load tag c:gems as it is missing following references: 
	#neoforge:gems/amethyst (from mod/samurai_dynasty)
	#neoforge:gems/diamond (from mod/samurai_dynasty)
	#neoforge:gems/emerald (from mod/samurai_dynasty)
	#neoforge:gems/lapis (from mod/samurai_dynasty)
	#neoforge:gems/prismarine (from mod/samurai_dynasty)
	#neoforge:gems/quartz (from mod/samurai_dynasty)
	#neoforge:gems/ruby (from mod/samurai_dynasty)
	#neoforge:gems/jade (from mod/samurai_dynasty)
	#neoforge:gems/onyx (from mod/samurai_dynasty)
	#neoforge:gems/aquamarine (from mod/samurai_dynasty)
[073月2025 10:51:22.196] [Worker-Main-14/ERROR] [net.minecraft.tags.TagLoader/]: Couldn't load tag c:ingots as it is missing following references: 
	#neoforge:ingots/steel (from mod/samurai_dynasty)
[073月2025 10:51:22.197] [Worker-Main-3/ERROR] [net.minecraft.tags.TagLoader/]: Couldn't load tag c:ores as it is missing following references: 
	#neoforge:ores/jade (from mod/samurai_dynasty)
[073月2025 10:51:22.197] [Worker-Main-14/ERROR] [net.minecraft.tags.TagLoader/]: Couldn't load tag c:ores as it is missing following references: 
	#neoforge:ores/jade (from mod/samurai_dynasty)
[073月2025 10:51:22.262] [Render thread/INFO] [net.minecraft.world.item.crafting.RecipeManager/]: Loaded 1531 recipes
[073月2025 10:51:22.348] [Render thread/INFO] [net.minecraft.advancements.AdvancementTree/]: Loaded 1399 advancements
[073月2025 10:51:22.355] [Render thread/INFO] [Curios API/]: Loaded 11 curio slots
[073月2025 10:51:22.357] [Render thread/INFO] [Curios API/]: Loaded 1 curio entities
[073月2025 10:51:22.363] [Render thread/INFO] [星火核心/]: 已加载 1 种类型的模型
[073月2025 10:51:22.378] [Render thread/INFO] [星火核心/]: 已加载 1 种类型的动画文件，并在其中加载了 38 个玩家动画
[073月2025 10:51:22.638] [Render thread/INFO] [mezz.jei.neoforge.startup.StartEventObserver/]: JEI StartEventObserver received class net.neoforged.neoforge.event.TagsUpdatedEvent too early, ignoring
[073月2025 10:51:22.642] [Render thread/INFO] [snownee.jade.Jade/]: LootTableMineableCollector took 3.598 ms
[073月2025 10:51:22.698] [Server thread/INFO] [net.minecraft.client.server.IntegratedServer/]: Starting integrated minecraft server version 1.21.1
[073月2025 10:51:22.698] [Server thread/INFO] [net.minecraft.server.MinecraftServer/]: Generating keypair
[073月2025 10:51:22.857] [Server thread/INFO] [net.minecraft.server.MinecraftServer/]: Preparing start region for dimension minecraft:overworld
[073月2025 10:51:22.983] [progressListener/INFO] [net.minecraft.server.level.progress.LoggerChunkProgressListener/]: 准备生成区域中：0%
[073月2025 10:51:23.014] [Server thread/INFO] [net.neoforged.neoforge.server.permission.PermissionAPI/]: Successfully initialized permission handler neoforge:default_handler
[073月2025 10:51:23.014] [Server thread/INFO] [net.veroxuniverse.samurai_dynasty.SamuraiDynastyMod/]: HELLO from server starting
[073月2025 10:51:23.022] [progressListener/INFO] [net.minecraft.server.level.progress.LoggerChunkProgressListener/]: Time elapsed: 145 ms
[073月2025 10:51:23.065] [Server thread/INFO] [net.minecraft.client.server.IntegratedServer/]: Changing view distance to 12, from 10
[073月2025 10:51:23.065] [Server thread/INFO] [net.minecraft.client.server.IntegratedServer/]: Changing simulation distance to 12, from 0
[073月2025 10:51:23.424] [Render thread/INFO] [星火核心/]: 已从服务器接收所有模型动画数据
[073月2025 10:51:23.497] [Render thread/INFO] [mezz.jei.neoforge.startup.StartEventObserver/]: JEI StartEventObserver received class net.neoforged.neoforge.event.TagsUpdatedEvent
[073月2025 10:51:23.673] [Server thread/INFO] [net.minecraft.server.players.PlayerList/]: Dev[local:E:c937642f] logged in with entity id 2 at (47.77339619836568, -60.0, 131.97214228157753)
[073月2025 10:51:23.758] [Server thread/INFO] [net.minecraft.server.MinecraftServer/]: Dev加入了游戏
[073月2025 10:51:23.789] [Render thread/WARN] [mixin/]: Error loading class: net/fabricmc/fabric/api/blockview/v2/FabricBlockView (java.lang.ClassNotFoundException: net.fabricmc.fabric.api.blockview.v2.FabricBlockView)
[073月2025 10:51:23.789] [Render thread/WARN] [mixin/]: Error loading class: net/fabricmc/fabric/api/rendering/data/v1/RenderAttachedBlockView (java.lang.ClassNotFoundException: net.fabricmc.fabric.api.rendering.data.v1.RenderAttachedBlockView)
[073月2025 10:51:23.846] [Render thread/INFO] [ChunkBuilder/]: Started 10 worker threads
[073月2025 10:51:24.092] [Render thread/INFO] [mezz.jei.neoforge.startup.StartEventObserver/]: JEI StartEventObserver received class net.neoforged.neoforge.client.event.RecipesUpdatedEvent
[073月2025 10:51:24.092] [Render thread/INFO] [mezz.jei.neoforge.startup.StartEventObserver/]: JEI StartEventObserver transitioning state from LISTENING to JEI_STARTED
[073月2025 10:51:24.093] [Render thread/INFO] [mezz.jei.core.util.LoggedTimer/]: Starting JEI...
[073月2025 10:51:24.100] [Render thread/INFO] [mezz.jei.library.load.PluginCaller/]: Registering item subtypes...
[073月2025 10:51:24.106] [Render thread/INFO] [mezz.jei.library.load.PluginCaller/]: Registering item subtypes took 5.580 ms
[073月2025 10:51:24.106] [Render thread/INFO] [mezz.jei.library.load.PluginCaller/]: Registering fluid subtypes...
[073月2025 10:51:24.108] [Render thread/INFO] [mezz.jei.library.load.PluginCaller/]: Registering fluid subtypes took 1.775 ms
[073月2025 10:51:24.111] [Render thread/INFO] [mezz.jei.library.load.PluginCaller/]: Registering ingredients...
[073月2025 10:51:24.195] [Render thread/WARN] [mezz.jei.library.plugins.vanilla.ingredients.ItemStackListFactory/]: Item Group has no display items and no search tab display items. Items from this group will be missing from the JEI ingredient list. 管理员用品
[073月2025 10:51:24.222] [Render thread/INFO] [mezz.jei.library.load.PluginCallerTimerRunnable/]: Registering ingredients: jei:minecraft took 111.3 milliseconds
[073月2025 10:51:24.223] [Render thread/INFO] [mezz.jei.library.load.PluginCaller/]: Registering ingredients took 112.0 ms
[073月2025 10:51:24.223] [Render thread/INFO] [mezz.jei.library.load.PluginCaller/]: Registering extra ingredients...
[073月2025 10:51:24.224] [Render thread/INFO] [mezz.jei.library.load.PluginCaller/]: Registering extra ingredients took 371.8 μs
[073月2025 10:51:24.224] [Render thread/INFO] [mezz.jei.library.load.PluginCaller/]: Registering search ingredient aliases...
[073月2025 10:51:24.225] [Render thread/INFO] [mezz.jei.library.load.PluginCaller/]: Registering search ingredient aliases took 676.1 μs
[073月2025 10:51:24.244] [Render thread/INFO] [mezz.jei.library.load.PluginCaller/]: Registering Mod Info...
[073月2025 10:51:24.245] [Render thread/INFO] [mezz.jei.library.load.PluginCaller/]: Registering Mod Info took 606.3 μs
[073月2025 10:51:24.260] [Render thread/INFO] [mezz.jei.library.load.PluginCaller/]: Registering categories...
[073月2025 10:51:24.283] [Render thread/INFO] [mezz.jei.library.load.PluginCallerTimerRunnable/]: Registering categories: jei:minecraft took 23.46 milliseconds
[073月2025 10:51:24.288] [Render thread/INFO] [mezz.jei.library.load.PluginCaller/]: Registering categories took 28.68 ms
[073月2025 10:51:24.289] [Render thread/INFO] [mezz.jei.library.load.PluginCaller/]: Registering vanilla category extensions...
[073月2025 10:51:24.291] [Render thread/INFO] [mezz.jei.library.load.PluginCaller/]: Registering vanilla category extensions took 1.865 ms
[073月2025 10:51:24.292] [Render thread/INFO] [mezz.jei.library.load.PluginCaller/]: Registering recipe catalysts...
[073月2025 10:51:24.293] [Render thread/INFO] [mezz.jei.library.load.PluginCaller/]: Registering recipe catalysts took 756.8 μs
[073月2025 10:51:24.293] [Render thread/INFO] [mezz.jei.core.util.LoggedTimer/]: Building recipe registry...
[073月2025 10:51:24.302] [Render thread/INFO] [mezz.jei.core.util.LoggedTimer/]: Building recipe registry took 9.781 ms
[073月2025 10:51:24.303] [Render thread/INFO] [mezz.jei.library.load.PluginCaller/]: Registering advanced plugins...
[073月2025 10:51:24.304] [Render thread/INFO] [mezz.jei.library.load.PluginCaller/]: Registering advanced plugins took 316.7 μs
[073月2025 10:51:24.304] [Render thread/INFO] [mezz.jei.library.load.PluginCaller/]: Registering recipes...
[073月2025 10:51:24.441] [Render thread/INFO] [mezz.jei.library.load.PluginCallerTimerRunnable/]: Registering recipes: jei:minecraft took 137.2 milliseconds
[073月2025 10:51:24.482] [Render thread/INFO] [mezz.jei.library.load.PluginCallerTimerRunnable/]: Registering recipes: jei:internal took 41.22 milliseconds
[073月2025 10:51:24.484] [Render thread/INFO] [mezz.jei.library.load.PluginCaller/]: Registering recipes took 179.1 ms
[073月2025 10:51:24.504] [Render thread/INFO] [mezz.jei.library.load.PluginCaller/]: Registering recipes transfer handlers...
[073月2025 10:51:24.508] [Render thread/INFO] [mezz.jei.library.load.PluginCaller/]: Registering recipes transfer handlers took 3.336 ms
[073月2025 10:51:24.516] [Render thread/INFO] [mezz.jei.core.util.LoggedTimer/]: Building runtime...
[073月2025 10:51:24.518] [Render thread/INFO] [mezz.jei.library.load.PluginCaller/]: Registering gui handlers...
[073月2025 10:51:24.528] [Render thread/INFO] [mezz.jei.library.load.PluginCaller/]: Registering gui handlers took 9.326 ms
[073月2025 10:51:24.532] [Render thread/INFO] [mezz.jei.library.load.PluginCaller/]: Registering Runtime...
[073月2025 10:51:24.534] [Render thread/INFO] [mezz.jei.gui.startup.JeiGuiStarter/]: Starting JEI GUI
[073月2025 10:51:24.534] [Render thread/INFO] [mezz.jei.core.util.LoggedTimer/]: Building ingredient list...
[073月2025 10:51:24.548] [Render thread/INFO] [mezz.jei.core.util.LoggedTimer/]: Building ingredient list took 14.80 ms
[073月2025 10:51:24.548] [Render thread/INFO] [mezz.jei.core.util.LoggedTimer/]: Building ingredient filter...
[073月2025 10:51:24.585] [Render thread/INFO] [mezz.jei.gui.ingredients.IngredientFilter/]: Adding 1804 ingredients
[073月2025 10:51:24.708] [Render thread/INFO] [mezz.jei.gui.ingredients.IngredientFilter/]: Added 1804 ingredients
[073月2025 10:51:24.708] [Render thread/INFO] [mezz.jei.core.util.LoggedTimer/]: Building ingredient filter took 159.3 ms
[073月2025 10:51:24.795] [Render thread/INFO] [mezz.jei.library.load.PluginCallerTimerRunnable/]: Registering Runtime: jei:neoforge_gui took 262.4 milliseconds
[073月2025 10:51:24.795] [Render thread/INFO] [mezz.jei.library.load.PluginCaller/]: Registering Runtime took 262.9 ms
[073月2025 10:51:24.796] [Render thread/INFO] [mezz.jei.core.util.LoggedTimer/]: Building runtime took 280.4 ms
[073月2025 10:51:24.797] [Render thread/INFO] [mezz.jei.library.load.PluginCaller/]: Sending Runtime...
[073月2025 10:51:24.797] [Render thread/INFO] [mezz.jei.library.load.PluginCaller/]: Sending Runtime took 312.4 μs
[073月2025 10:51:24.797] [Render thread/INFO] [mezz.jei.core.util.LoggedTimer/]: Starting JEI took 704.2 ms
[073月2025 10:51:24.809] [Render thread/INFO] [snownee.jade.Jade/]: Received config from the server: 
[073月2025 10:51:24.810] [Render thread/INFO] [net.minecraft.advancements.AdvancementTree/]: Loaded 5 advancements
[073月2025 10:51:29.640] [Render thread/INFO] [net.minecraft.client.gui.components.ChatComponent/]: [System] [CHAT] [调试]： 判定箱：显示
[073月2025 10:51:34.525] [Server thread/INFO] [net.minecraft.server.MinecraftServer/]: [Dev: 已将自己的游戏模式设置为创造模式]
[073月2025 10:51:34.527] [Render thread/INFO] [net.minecraft.client.gui.components.ChatComponent/]: [System] [CHAT] 已将自己的游戏模式设置为创造模式
[073月2025 10:51:38.770] [Server thread/INFO] [net.minecraft.server.MinecraftServer/]: [Dev: 已将自己的游戏模式设置为生存模式]
[073月2025 10:51:38.771] [Render thread/INFO] [net.minecraft.client.gui.components.ChatComponent/]: [System] [CHAT] 已将自己的游戏模式设置为生存模式
[073月2025 10:51:45.045] [Render thread/INFO] [net.minecraft.client.gui.components.ChatComponent/]: [System] [CHAT] [调试]： 判定箱：隐藏
[073月2025 10:52:02.217] [Server thread/INFO] [net.minecraft.client.server.IntegratedServer/]: Saving and pausing game...
[073月2025 10:52:02.224] [Server thread/INFO] [net.minecraft.server.MinecraftServer/]: Saving chunks for level 'ServerLevel[新的世界]'/minecraft:overworld
[073月2025 10:52:02.237] [Server thread/INFO] [net.minecraft.server.MinecraftServer/]: Saving chunks for level 'ServerLevel[新的世界]'/minecraft:the_end
[073月2025 10:52:02.246] [Server thread/INFO] [net.minecraft.server.MinecraftServer/]: Saving chunks for level 'ServerLevel[新的世界]'/minecraft:the_nether
[073月2025 10:52:03.586] [Render thread/INFO] [net.minecraft.client.Minecraft/]: Stopping!
[073月2025 10:52:03.588] [Render thread/INFO] [mezz.jei.neoforge.startup.StartEventObserver/]: JEI StartEventObserver received class net.neoforged.neoforge.client.event.ClientPlayerNetworkEvent$LoggingOut
[073月2025 10:52:03.588] [Render thread/INFO] [mezz.jei.neoforge.startup.StartEventObserver/]: JEI StartEventObserver transitioning state from JEI_STARTED to LISTENING
[073月2025 10:52:03.588] [Render thread/INFO] [mezz.jei.library.startup.JeiStarter/]: Stopping JEI
[073月2025 10:52:03.588] [Render thread/INFO] [mezz.jei.library.load.PluginCaller/]: Sending Runtime Unavailable...
[073月2025 10:52:03.588] [Render thread/INFO] [mezz.jei.neoforge.plugins.neoforge.NeoForgeGuiPlugin/]: Stopping JEI GUI
[073月2025 10:52:03.591] [Render thread/INFO] [mezz.jei.library.load.PluginCaller/]: Sending Runtime Unavailable took 1.933 ms
[073月2025 10:52:03.607] [Client PhysicsThread/INFO] [星火核心/]: 绑定在 minecraft:overworld 的物理世界已清理
[073月2025 10:52:03.607] [Render thread/INFO] [星火核心/]: 绑定在 minecraft:overworld 的物理线程 Client PhysicsThread 已关闭
[073月2025 10:52:03.618] [Server thread/INFO] [net.minecraft.server.network.ServerGamePacketListenerImpl/]: Dev lost connection: 连接中断
[073月2025 10:52:03.618] [Server thread/INFO] [net.minecraft.server.MinecraftServer/]: Dev退出了游戏
[073月2025 10:52:03.635] [Server thread/INFO] [net.minecraft.server.network.ServerCommonPacketListenerImpl/]: Stopping singleplayer server as player logged out
[073月2025 10:52:03.667] [Server thread/INFO] [net.minecraft.server.MinecraftServer/]: Stopping server
[073月2025 10:52:03.667] [Server thread/INFO] [net.minecraft.server.MinecraftServer/]: Saving players
[073月2025 10:52:03.667] [Server thread/INFO] [net.minecraft.server.MinecraftServer/]: Saving worlds
[073月2025 10:52:03.976] [Server thread/INFO] [net.minecraft.server.MinecraftServer/]: Saving chunks for level 'ServerLevel[新的世界]'/minecraft:overworld
[073月2025 10:52:03.998] [Server thread/INFO] [net.minecraft.server.MinecraftServer/]: Saving chunks for level 'ServerLevel[新的世界]'/minecraft:the_end
[073月2025 10:52:04.003] [Server thread/INFO] [net.minecraft.server.MinecraftServer/]: Saving chunks for level 'ServerLevel[新的世界]'/minecraft:the_nether
[073月2025 10:52:04.012] [Server thread/INFO] [net.minecraft.server.MinecraftServer/]: ThreadedAnvilChunkStorage (新的世界 (97)): All chunks are saved
[073月2025 10:52:04.012] [Server thread/INFO] [net.minecraft.server.MinecraftServer/]: ThreadedAnvilChunkStorage (DIM1): All chunks are saved
[073月2025 10:52:04.013] [Server thread/INFO] [net.minecraft.server.MinecraftServer/]: ThreadedAnvilChunkStorage (DIM-1): All chunks are saved
[073月2025 10:52:04.013] [Server thread/INFO] [net.minecraft.server.MinecraftServer/]: ThreadedAnvilChunkStorage: All dimensions are saved
[073月2025 10:52:04.013] [Server PhysicsThread/INFO] [星火核心/]: 绑定在 minecraft:overworld 的物理世界已清理
[073月2025 10:52:04.014] [Server thread/INFO] [星火核心/]: 绑定在 minecraft:overworld 的物理线程 Server PhysicsThread 已关闭
[073月2025 10:52:04.040] [Server PhysicsThread/INFO] [星火核心/]: 绑定在 minecraft:the_end 的物理世界已清理
[073月2025 10:52:04.040] [Server thread/INFO] [星火核心/]: 绑定在 minecraft:the_end 的物理线程 Server PhysicsThread 已关闭
[073月2025 10:52:04.041] [Server PhysicsThread/INFO] [星火核心/]: 绑定在 minecraft:the_nether 的物理世界已清理
[073月2025 10:52:04.041] [Server thread/INFO] [星火核心/]: 绑定在 minecraft:the_nether 的物理线程 Server PhysicsThread 已关闭
[073月2025 10:52:04.062] [Render thread/INFO] [ChunkBuilder/]: Stopping worker threads
