kotlin version: 2.0.0
error message: org.jetbrains.kotlin.backend.common.BackendException: Backend Internal error: Exception during IR lowering
File being compiled: C:/Users/曦月/Documents/编程开发/Minecraft/Spark-Core/1.21.1-neoforge/src/main/kotlin/cn/solarmoon/spark_core/api/phys/attached_body/EntityAnimatedAttackBody.kt
The root cause java.lang.RuntimeException was thrown at: org.jetbrains.kotlin.backend.jvm.codegen.FunctionCodegen.generate(FunctionCodegen.kt:50)
	at org.jetbrains.kotlin.backend.common.CodegenUtil.reportBackendException(CodegenUtil.kt:253)
	at org.jetbrains.kotlin.backend.common.CodegenUtil.reportBackendException$default(CodegenUtil.kt:236)
	at org.jetbrains.kotlin.backend.common.phaser.PerformByIrFilePhase.invokeSequential(performByIrFile.kt:65)
	at org.jetbrains.kotlin.backend.common.phaser.PerformByIrFilePhase.invoke(performByIrFile.kt:52)
	at org.jetbrains.kotlin.backend.common.phaser.PerformByIrFilePhase.invoke(performByIrFile.kt:38)
	at org.jetbrains.kotlin.backend.common.phaser.NamedCompilerPhase.phaseBody(CompilerPhase.kt:166)
	at org.jetbrains.kotlin.backend.common.phaser.AbstractNamedCompilerPhase.invoke(CompilerPhase.kt:113)
	at org.jetbrains.kotlin.backend.common.phaser.CompositePhase.invoke(PhaseBuilders.kt:29)
	at org.jetbrains.kotlin.backend.common.phaser.CompositePhase.invoke(PhaseBuilders.kt:16)
	at org.jetbrains.kotlin.backend.common.phaser.NamedCompilerPhase.phaseBody(CompilerPhase.kt:166)
	at org.jetbrains.kotlin.backend.common.phaser.AbstractNamedCompilerPhase.invoke(CompilerPhase.kt:113)
	at org.jetbrains.kotlin.backend.common.phaser.CompilerPhaseKt.invokeToplevel(CompilerPhase.kt:62)
	at org.jetbrains.kotlin.backend.jvm.JvmIrCodegenFactory.invokeCodegen(JvmIrCodegenFactory.kt:371)
	at org.jetbrains.kotlin.codegen.CodegenFactory.generateModule(CodegenFactory.kt:47)
	at org.jetbrains.kotlin.backend.jvm.JvmIrCodegenFactory.generateModuleInFrontendIRMode(JvmIrCodegenFactory.kt:433)
	at org.jetbrains.kotlin.cli.jvm.compiler.pipeline.JvmCompilerPipelineKt.generateCodeFromIr(jvmCompilerPipeline.kt:241)
	at org.jetbrains.kotlin.cli.jvm.compiler.pipeline.JvmCompilerPipelineKt.compileModulesUsingFrontendIrAndLightTree(jvmCompilerPipeline.kt:140)
	at org.jetbrains.kotlin.cli.jvm.K2JVMCompiler.doExecute(K2JVMCompiler.kt:155)
	at org.jetbrains.kotlin.cli.jvm.K2JVMCompiler.doExecute(K2JVMCompiler.kt:50)
	at org.jetbrains.kotlin.cli.common.CLICompiler.execImpl(CLICompiler.kt:104)
	at org.jetbrains.kotlin.cli.common.CLICompiler.execImpl(CLICompiler.kt:48)
	at org.jetbrains.kotlin.cli.common.CLITool.exec(CLITool.kt:101)
	at org.jetbrains.kotlin.incremental.IncrementalJvmCompilerRunner.runCompiler(IncrementalJvmCompilerRunner.kt:453)
	at org.jetbrains.kotlin.incremental.IncrementalJvmCompilerRunner.runCompiler(IncrementalJvmCompilerRunner.kt:62)
	at org.jetbrains.kotlin.incremental.IncrementalCompilerRunner.doCompile(IncrementalCompilerRunner.kt:506)
	at org.jetbrains.kotlin.incremental.IncrementalCompilerRunner.compileImpl(IncrementalCompilerRunner.kt:423)
	at org.jetbrains.kotlin.incremental.IncrementalCompilerRunner.tryCompileIncrementally$lambda$9$compile(IncrementalCompilerRunner.kt:249)
	at org.jetbrains.kotlin.incremental.IncrementalCompilerRunner.tryCompileIncrementally(IncrementalCompilerRunner.kt:267)
	at org.jetbrains.kotlin.incremental.IncrementalCompilerRunner.compile(IncrementalCompilerRunner.kt:120)
	at org.jetbrains.kotlin.daemon.CompileServiceImplBase.execIncrementalCompiler(CompileServiceImpl.kt:676)
	at org.jetbrains.kotlin.daemon.CompileServiceImplBase.access$execIncrementalCompiler(CompileServiceImpl.kt:92)
	at org.jetbrains.kotlin.daemon.CompileServiceImpl.compile(CompileServiceImpl.kt:1661)
	at java.base/jdk.internal.reflect.DirectMethodHandleAccessor.invoke(DirectMethodHandleAccessor.java:103)
	at java.base/java.lang.reflect.Method.invoke(Method.java:580)
	at java.rmi/sun.rmi.server.UnicastServerRef.dispatch(UnicastServerRef.java:360)
	at java.rmi/sun.rmi.transport.Transport$1.run(Transport.java:200)
	at java.rmi/sun.rmi.transport.Transport$1.run(Transport.java:197)
	at java.base/java.security.AccessController.doPrivileged(AccessController.java:714)
	at java.rmi/sun.rmi.transport.Transport.serviceCall(Transport.java:196)
	at java.rmi/sun.rmi.transport.tcp.TCPTransport.handleMessages(TCPTransport.java:598)
	at java.rmi/sun.rmi.transport.tcp.TCPTransport$ConnectionHandler.run0(TCPTransport.java:844)
	at java.rmi/sun.rmi.transport.tcp.TCPTransport$ConnectionHandler.lambda$run$0(TCPTransport.java:721)
	at java.base/java.security.AccessController.doPrivileged(AccessController.java:400)
	at java.rmi/sun.rmi.transport.tcp.TCPTransport$ConnectionHandler.run(TCPTransport.java:720)
	at java.base/java.util.concurrent.ThreadPoolExecutor.runWorker(ThreadPoolExecutor.java:1144)
	at java.base/java.util.concurrent.ThreadPoolExecutor$Worker.run(ThreadPoolExecutor.java:642)
	at java.base/java.lang.Thread.run(Thread.java:1583)
Caused by: java.lang.RuntimeException: Exception while generating code for:
CONSTRUCTOR visibility:public <> (bodyName:kotlin.String, boneName:kotlin.String, level:net.minecraft.world.level.Level, animatable:cn.solarmoon.spark_core.api.animation.IEntityAnimatable<*>) returnType:cn.solarmoon.spark_core.api.phys.attached_body.EntityAnimatedAttackBody [primary]
  VALUE_PARAMETER name:bodyName index:0 type:kotlin.String
  VALUE_PARAMETER name:boneName index:1 type:kotlin.String
  VALUE_PARAMETER name:level index:2 type:net.minecraft.world.level.Level
  VALUE_PARAMETER name:animatable index:3 type:cn.solarmoon.spark_core.api.animation.IEntityAnimatable<*>
  BLOCK_BODY
    DELEGATING_CONSTRUCTOR_CALL 'public constructor <init> (boneName: kotlin.String, level: net.minecraft.world.level.Level, holder: cn.solarmoon.spark_core.api.animation.IAnimatable<*>) [primary] declared in cn.solarmoon.spark_core.api.phys.attached_body.AnimatedPivotBody'
      boneName: GET_VAR 'boneName: kotlin.String declared in cn.solarmoon.spark_core.api.phys.attached_body.EntityAnimatedAttackBody.<init>' type=kotlin.String origin=null
      level: GET_VAR 'level: net.minecraft.world.level.Level declared in cn.solarmoon.spark_core.api.phys.attached_body.EntityAnimatedAttackBody.<init>' type=net.minecraft.world.level.Level origin=null
      holder: GET_VAR 'animatable: cn.solarmoon.spark_core.api.animation.IEntityAnimatable<*> declared in cn.solarmoon.spark_core.api.phys.attached_body.EntityAnimatedAttackBody.<init>' type=cn.solarmoon.spark_core.api.animation.IEntityAnimatable<*> origin=null
    BLOCK type=kotlin.Unit origin=null
      SET_FIELD 'FIELD PROPERTY_BACKING_FIELD name:bodyName type:kotlin.String visibility:private [final]' type=kotlin.Unit origin=INITIALIZE_FIELD
        receiver: GET_VAR '<this>: cn.solarmoon.spark_core.api.phys.attached_body.EntityAnimatedAttackBody declared in cn.solarmoon.spark_core.api.phys.attached_body.EntityAnimatedAttackBody' type=cn.solarmoon.spark_core.api.phys.attached_body.EntityAnimatedAttackBody origin=null
        value: GET_VAR 'bodyName: kotlin.String declared in cn.solarmoon.spark_core.api.phys.attached_body.EntityAnimatedAttackBody.<init>' type=kotlin.String origin=INITIALIZE_PROPERTY_FROM_PARAMETER
      SET_FIELD 'FIELD PROPERTY_BACKING_FIELD name:animatable type:cn.solarmoon.spark_core.api.animation.IEntityAnimatable<*> visibility:private [final]' type=kotlin.Unit origin=INITIALIZE_FIELD
        receiver: GET_VAR '<this>: cn.solarmoon.spark_core.api.phys.attached_body.EntityAnimatedAttackBody declared in cn.solarmoon.spark_core.api.phys.attached_body.EntityAnimatedAttackBody' type=cn.solarmoon.spark_core.api.phys.attached_body.EntityAnimatedAttackBody origin=null
        value: GET_VAR 'animatable: cn.solarmoon.spark_core.api.animation.IEntityAnimatable<*> declared in cn.solarmoon.spark_core.api.phys.attached_body.EntityAnimatedAttackBody.<init>' type=cn.solarmoon.spark_core.api.animation.IEntityAnimatable<*> origin=INITIALIZE_PROPERTY_FROM_PARAMETER
      SET_FIELD 'FIELD PROPERTY_BACKING_FIELD name:entity type:net.minecraft.world.entity.Entity visibility:private [final]' type=kotlin.Unit origin=INITIALIZE_FIELD
        receiver: GET_VAR '<this>: cn.solarmoon.spark_core.api.phys.attached_body.EntityAnimatedAttackBody declared in cn.solarmoon.spark_core.api.phys.attached_body.EntityAnimatedAttackBody' type=cn.solarmoon.spark_core.api.phys.attached_body.EntityAnimatedAttackBody origin=null
        value: CALL 'public abstract fun <get-animatable> (): T of cn.solarmoon.spark_core.api.animation.IEntityAnimatable [fake_override] declared in cn.solarmoon.spark_core.api.animation.IEntityAnimatable' type=net.minecraft.world.entity.Entity origin=GET_PROPERTY
          $this: GET_FIELD 'FIELD PROPERTY_BACKING_FIELD name:animatable type:cn.solarmoon.spark_core.api.animation.IEntityAnimatable<*> visibility:private [final]' type=cn.solarmoon.spark_core.api.animation.IEntityAnimatable<*> origin=null
            receiver: GET_VAR '<this>: cn.solarmoon.spark_core.api.phys.attached_body.EntityAnimatedAttackBody declared in cn.solarmoon.spark_core.api.phys.attached_body.EntityAnimatedAttackBody' type=cn.solarmoon.spark_core.api.phys.attached_body.EntityAnimatedAttackBody origin=null
      SET_FIELD 'FIELD PROPERTY_BACKING_FIELD name:attackedEntities type:kotlin.collections.MutableSet<kotlin.Int> visibility:private [final]' type=kotlin.Unit origin=INITIALIZE_FIELD
        receiver: GET_VAR '<this>: cn.solarmoon.spark_core.api.phys.attached_body.EntityAnimatedAttackBody declared in cn.solarmoon.spark_core.api.phys.attached_body.EntityAnimatedAttackBody' type=cn.solarmoon.spark_core.api.phys.attached_body.EntityAnimatedAttackBody origin=null
        value: CALL 'public final fun mutableSetOf <T> (): kotlin.collections.MutableSet<T of kotlin.collections.SetsKt.mutableSetOf> [inline] declared in kotlin.collections.SetsKt' type=kotlin.collections.MutableSet<kotlin.Int> origin=null
          <T>: kotlin.Int
      SET_FIELD 'FIELD PROPERTY_BACKING_FIELD name:ignoreInvulnerableTime type:kotlin.Boolean visibility:private' type=kotlin.Unit origin=INITIALIZE_FIELD
        receiver: GET_VAR '<this>: cn.solarmoon.spark_core.api.phys.attached_body.EntityAnimatedAttackBody declared in cn.solarmoon.spark_core.api.phys.attached_body.EntityAnimatedAttackBody' type=cn.solarmoon.spark_core.api.phys.attached_body.EntityAnimatedAttackBody origin=null
        value: CONST Boolean type=kotlin.Boolean value=true
      SET_FIELD 'FIELD PROPERTY_BACKING_FIELD name:size type:org.ode4j.math.DVector3 visibility:private' type=kotlin.Unit origin=INITIALIZE_FIELD
        receiver: GET_VAR '<this>: cn.solarmoon.spark_core.api.phys.attached_body.EntityAnimatedAttackBody declared in cn.solarmoon.spark_core.api.phys.attached_body.EntityAnimatedAttackBody' type=cn.solarmoon.spark_core.api.phys.attached_body.EntityAnimatedAttackBody origin=null
        value: CONSTRUCTOR_CALL 'public constructor <init> () declared in org.ode4j.math.DVector3' type=org.ode4j.math.DVector3 origin=null
      SET_FIELD 'FIELD PROPERTY_BACKING_FIELD name:offset type:org.ode4j.math.DVector3 visibility:private' type=kotlin.Unit origin=INITIALIZE_FIELD
        receiver: GET_VAR '<this>: cn.solarmoon.spark_core.api.phys.attached_body.EntityAnimatedAttackBody declared in cn.solarmoon.spark_core.api.phys.attached_body.EntityAnimatedAttackBody' type=cn.solarmoon.spark_core.api.phys.attached_body.EntityAnimatedAttackBody origin=null
        value: CONSTRUCTOR_CALL 'public constructor <init> () declared in org.ode4j.math.DVector3' type=org.ode4j.math.DVector3 origin=null
      BLOCK type=kotlin.Unit origin=SYNTHESIZED_INIT_BLOCK
        ERROR_CALL 'Unresolved reference: R|cn/solarmoon/spark_core/api/phys/attached_body/AnimatedPivotBody.name|' type=IrErrorType(null)
        CALL 'public abstract fun setName (name: @[FlexibleNullability] kotlin.String?): kotlin.Unit declared in org.ode4j.ode.DBody' type=kotlin.Unit origin=EQ
          $this: CALL 'public open fun <get-body> (): org.ode4j.ode.DBody [fake_override] declared in cn.solarmoon.spark_core.api.phys.attached_body.EntityAnimatedAttackBody' type=org.ode4j.ode.DBody origin=GET_PROPERTY
            $this: GET_VAR '<this>: cn.solarmoon.spark_core.api.phys.attached_body.EntityAnimatedAttackBody declared in cn.solarmoon.spark_core.api.phys.attached_body.EntityAnimatedAttackBody' type=cn.solarmoon.spark_core.api.phys.attached_body.EntityAnimatedAttackBody origin=null
          name: GET_FIELD 'FIELD PROPERTY_BACKING_FIELD name:bodyName type:kotlin.String visibility:private [final]' type=kotlin.String origin=null
            receiver: GET_VAR '<this>: cn.solarmoon.spark_core.api.phys.attached_body.EntityAnimatedAttackBody declared in cn.solarmoon.spark_core.api.phys.attached_body.EntityAnimatedAttackBody' type=cn.solarmoon.spark_core.api.phys.attached_body.EntityAnimatedAttackBody origin=null
        CALL 'public abstract fun disable (): kotlin.Unit declared in org.ode4j.ode.DBody' type=kotlin.Unit origin=null
          $this: CALL 'public open fun <get-body> (): org.ode4j.ode.DBody [fake_override] declared in cn.solarmoon.spark_core.api.phys.attached_body.EntityAnimatedAttackBody' type=org.ode4j.ode.DBody origin=GET_PROPERTY
            $this: GET_VAR '<this>: cn.solarmoon.spark_core.api.phys.attached_body.EntityAnimatedAttackBody declared in cn.solarmoon.spark_core.api.phys.attached_body.EntityAnimatedAttackBody' type=cn.solarmoon.spark_core.api.phys.attached_body.EntityAnimatedAttackBody origin=null

	at org.jetbrains.kotlin.backend.jvm.codegen.FunctionCodegen.generate(FunctionCodegen.kt:50)
	at org.jetbrains.kotlin.backend.jvm.codegen.FunctionCodegen.generate$default(FunctionCodegen.kt:42)
	at org.jetbrains.kotlin.backend.jvm.codegen.ClassCodegen.generateMethodNode(ClassCodegen.kt:385)
	at org.jetbrains.kotlin.backend.jvm.codegen.ClassCodegen.generateMethod(ClassCodegen.kt:402)
	at org.jetbrains.kotlin.backend.jvm.codegen.ClassCodegen.generate(ClassCodegen.kt:169)
	at org.jetbrains.kotlin.backend.jvm.FileCodegen.lower(JvmPhases.kt:41)
	at org.jetbrains.kotlin.backend.common.phaser.PhaseBuildersKt.makeIrFilePhase$lambda$5(PhaseBuilders.kt:114)
	at org.jetbrains.kotlin.backend.common.phaser.PhaseBuildersKt$createSimpleNamedCompilerPhase$1.phaseBody(PhaseBuilders.kt:71)
	at org.jetbrains.kotlin.backend.common.phaser.SimpleNamedCompilerPhase.phaseBody(CompilerPhase.kt:226)
	at org.jetbrains.kotlin.backend.common.phaser.AbstractNamedCompilerPhase.invoke(CompilerPhase.kt:113)
	at org.jetbrains.kotlin.backend.common.phaser.PerformByIrFilePhase.invokeSequential(performByIrFile.kt:62)
	... 44 more
Caused by: java.lang.AssertionError: Unexpected IR element found during code generation. Either code generation for it is not implemented, or it should have been lowered:
ERROR_CALL 'Unresolved reference: R|cn/solarmoon/spark_core/api/phys/attached_body/AnimatedPivotBody.name|' type=IrErrorType(null)
	at org.jetbrains.kotlin.backend.jvm.codegen.ExpressionCodegen.visitElement(ExpressionCodegen.kt:985)
	at org.jetbrains.kotlin.backend.jvm.codegen.ExpressionCodegen.visitElement(ExpressionCodegen.kt:137)
	at org.jetbrains.kotlin.ir.visitors.IrElementVisitor$DefaultImpls.visitExpression(IrElementVisitor.kt:83)
	at org.jetbrains.kotlin.backend.jvm.codegen.ExpressionCodegen.visitExpression(ExpressionCodegen.kt:137)
	at org.jetbrains.kotlin.backend.jvm.codegen.ExpressionCodegen.visitExpression(ExpressionCodegen.kt:137)
	at org.jetbrains.kotlin.ir.visitors.IrElementVisitor$DefaultImpls.visitErrorExpression(IrElementVisitor.kt:194)
	at org.jetbrains.kotlin.backend.jvm.codegen.ExpressionCodegen.visitErrorExpression(ExpressionCodegen.kt:137)
	at org.jetbrains.kotlin.backend.jvm.codegen.ExpressionCodegen.visitErrorExpression(ExpressionCodegen.kt:137)
	at org.jetbrains.kotlin.ir.visitors.IrElementVisitor$DefaultImpls.visitErrorCallExpression(IrElementVisitor.kt:197)
	at org.jetbrains.kotlin.backend.jvm.codegen.ExpressionCodegen.visitErrorCallExpression(ExpressionCodegen.kt:137)
	at org.jetbrains.kotlin.backend.jvm.codegen.ExpressionCodegen.visitErrorCallExpression(ExpressionCodegen.kt:137)
	at org.jetbrains.kotlin.ir.expressions.IrErrorCallExpression.accept(IrErrorCallExpression.kt:24)
	at org.jetbrains.kotlin.backend.jvm.codegen.ExpressionCodegen.visitStatementContainer(ExpressionCodegen.kt:573)
	at org.jetbrains.kotlin.backend.jvm.codegen.ExpressionCodegen.visitContainerExpression(ExpressionCodegen.kt:587)
	at org.jetbrains.kotlin.backend.jvm.codegen.ExpressionCodegen.visitContainerExpression(ExpressionCodegen.kt:137)
	at org.jetbrains.kotlin.ir.visitors.IrElementVisitor$DefaultImpls.visitBlock(IrElementVisitor.kt:122)
	at org.jetbrains.kotlin.backend.jvm.codegen.ExpressionCodegen.visitBlock(ExpressionCodegen.kt:407)
	at org.jetbrains.kotlin.backend.jvm.codegen.ExpressionCodegen.visitBlock(ExpressionCodegen.kt:137)
	at org.jetbrains.kotlin.ir.expressions.IrBlock.accept(IrBlock.kt:18)
	at org.jetbrains.kotlin.backend.jvm.codegen.ExpressionCodegen.visitStatementContainer(ExpressionCodegen.kt:573)
	at org.jetbrains.kotlin.backend.jvm.codegen.ExpressionCodegen.visitContainerExpression(ExpressionCodegen.kt:587)
	at org.jetbrains.kotlin.backend.jvm.codegen.ExpressionCodegen.visitContainerExpression(ExpressionCodegen.kt:137)
	at org.jetbrains.kotlin.ir.visitors.IrElementVisitor$DefaultImpls.visitBlock(IrElementVisitor.kt:122)
	at org.jetbrains.kotlin.backend.jvm.codegen.ExpressionCodegen.visitBlock(ExpressionCodegen.kt:407)
	at org.jetbrains.kotlin.backend.jvm.codegen.ExpressionCodegen.visitBlock(ExpressionCodegen.kt:137)
	at org.jetbrains.kotlin.ir.expressions.IrBlock.accept(IrBlock.kt:18)
	at org.jetbrains.kotlin.backend.jvm.codegen.ExpressionCodegen.visitStatementContainer(ExpressionCodegen.kt:573)
	at org.jetbrains.kotlin.backend.jvm.codegen.ExpressionCodegen.visitBlockBody(ExpressionCodegen.kt:578)
	at org.jetbrains.kotlin.backend.jvm.codegen.ExpressionCodegen.visitBlockBody(ExpressionCodegen.kt:137)
	at org.jetbrains.kotlin.ir.expressions.IrBlockBody.accept(IrBlockBody.kt:20)
	at org.jetbrains.kotlin.backend.jvm.codegen.ExpressionCodegen.generate(ExpressionCodegen.kt:239)
	at org.jetbrains.kotlin.backend.jvm.codegen.FunctionCodegen.doGenerate(FunctionCodegen.kt:121)
	at org.jetbrains.kotlin.backend.jvm.codegen.FunctionCodegen.generate(FunctionCodegen.kt:46)
	... 54 more


