[2025-03-07 10:51:10] [main/INFO] [CustomSkinLoader Core]: "version.json": jar:file:/C:/Users/%e6%9b%a6%e6%9c%88/Documents/%e7%bc%96%e7%a8%8b%e5%bc%80%e5%8f%91/Minecraft/Spark-Core/1.21.1-neoforge/build/moddev/artifacts/neoforge-21.1.95-minecraft-resources-aka-client-extra.jar!/version.json
[2025-03-07 10:51:10] [main/INFO] [CustomSkinLoader Core]: MinecraftVersion: {name='1.21.1', world_version='3955', protocol_version='767'}
[2025-03-07 10:51:11] [main/INFO] [CustomSkinLoader Core]: target: net.minecraft.client.gui.components.PlayerTabOverlay, mixin: customskinloader.mixin.MixinGuiPlayerTabOverlay, result: true
[2025-03-07 10:51:11] [main/INFO] [CustomSkinLoader Core]: target: net.minecraft.server.packs.resources.Resource, mixin: customskinloader.mixin.MixinIResource, result: true
[2025-03-07 10:51:11] [main/INFO] [CustomSkinLoader Core]: target: net.minecraft.server.packs.resources.ResourceManager, mixin: customskinloader.mixin.MixinIResourceManager, result: true
[2025-03-07 10:51:11] [main/INFO] [CustomSkinLoader Core]: target: net.minecraft.client.renderer.entity.layers.CapeLayer, mixin: customskinloader.mixin.MixinLayerCape, result: true
[2025-03-07 10:51:11] [main/INFO] [CustomSkinLoader Core]: target: net.minecraft.client.Minecraft, mixin: customskinloader.mixin.MixinMinecraft, result: true
[2025-03-07 10:51:11] [main/INFO] [CustomSkinLoader Core]: target: com.mojang.blaze3d.platform.NativeImage, mixin: customskinloader.mixin.MixinNativeImage, result: true
[2025-03-07 10:51:11] [main/INFO] [CustomSkinLoader Core]: target: net.minecraft.client.renderer.entity.player.PlayerRenderer, mixin: customskinloader.mixin.MixinRenderPlayer, result: true
[2025-03-07 10:51:11] [main/INFO] [CustomSkinLoader Core]: target: net.minecraft.client.resources.SkinManager$1, mixin: customskinloader.mixin.MixinSkinManager$1, result: true
[2025-03-07 10:51:11] [main/INFO] [CustomSkinLoader Core]: target: net.minecraft.client.resources.SkinManager$CacheKey, mixin: customskinloader.mixin.MixinSkinManager$CacheKey, result: true
[2025-03-07 10:51:11] [main/INFO] [CustomSkinLoader Core]: target: net.minecraft.client.resources.SkinManager$TextureCache, mixin: customskinloader.mixin.MixinSkinManager$TextureCache, result: true
[2025-03-07 10:51:11] [main/INFO] [CustomSkinLoader Core]: target: net.minecraft.client.resources.SkinManager, mixin: customskinloader.mixin.MixinSkinManager$V2, result: true
[2025-03-07 10:51:11] [main/INFO] [CustomSkinLoader Core]: target: net.minecraft.client.resources.SkinManager, mixin: customskinloader.mixin.MixinSkinManager$V3, result: true
[2025-03-07 10:51:11] [main/INFO] [CustomSkinLoader Core]: target: net.minecraft.client.renderer.texture.HttpTexture, mixin: customskinloader.mixin.MixinThreadDownloadImageData$V2, result: true
[2025-03-07 10:51:24] [Render thread/INFO] [CustomSkinLoader Core]: CustomSkinLoader 14.21
[2025-03-07 10:51:24] [Render thread/INFO] [CustomSkinLoader Core]: DataDir: C:\Users\曦月\Documents\编程开发\Minecraft\Spark-Core\1.21.1-neoforge\run\.\CustomSkinLoader
[2025-03-07 10:51:24] [Render thread/INFO] [CustomSkinLoader Core]: Operating System: Windows 11 (amd64) version 10.0
[2025-03-07 10:51:24] [Render thread/INFO] [CustomSkinLoader Core]: Java Version: 21.0.4, Oracle Corporation
[2025-03-07 10:51:24] [Render thread/INFO] [CustomSkinLoader Core]: Java VM Version: Java HotSpot(TM) 64-Bit Server VM (mixed mode, sharing), Oracle Corporation
[2025-03-07 10:51:24] [Render thread/INFO] [CustomSkinLoader Core]: Minecraft: 1.21.1
[2025-03-07 10:51:24] [Render thread/INFO] [CustomSkinLoader Core]: Config File: C:\Users\曦月\Documents\编程开发\Minecraft\Spark-Core\1.21.1-neoforge\run\.\CustomSkinLoader\CustomSkinLoader.json
[2025-03-07 10:51:24] [Render thread/INFO] [CustomSkinLoader Core]: Try to load config.
[2025-03-07 10:51:24] [Render thread/INFO] [CustomSkinLoader Core]: Successfully load config.
[2025-03-07 10:51:24] [Render thread/INFO] [CustomSkinLoader Core]: Add a profile loader: MojangAPI
[2025-03-07 10:51:24] [Render thread/INFO] [CustomSkinLoader Core]: Add a profile loader: Legacy
[2025-03-07 10:51:24] [Render thread/INFO] [CustomSkinLoader Core]: Add a profile loader: CustomSkinAPI
[2025-03-07 10:51:24] [Render thread/INFO] [CustomSkinLoader Core]: Add a profile loader: CustomSKinAPIPlus
[2025-03-07 10:51:24] [Render thread/INFO] [CustomSkinLoader Core]: Add a profile loader: UniSkinAPI
[2025-03-07 10:51:24] [Render thread/INFO] [CustomSkinLoader Core]: Add a profile loader: ElyByAPI
[2025-03-07 10:51:24] [Render thread/INFO] [CustomSkinLoader Core]: Add a profile loader: GlitchlessAPI
[2025-03-07 10:51:24] [Render thread/INFO] [CustomSkinLoader Core]: Add a profile loader: MinecraftCapesAPI
[2025-03-07 10:51:24] [Render thread/INFO] [CustomSkinLoader Core]: Add a profile loader: WynntilsAPI
[2025-03-07 10:51:24] [Render thread/INFO] [CustomSkinLoader Core]: Successfully update config.
[2025-03-07 10:51:24] [Render thread/INFO] [CustomSkinLoader Core]: version : 14.21
[2025-03-07 10:51:24] [Render thread/INFO] [CustomSkinLoader Core]: buildNumber : 28
[2025-03-07 10:51:24] [Render thread/INFO] [CustomSkinLoader Core]: loadlist : [{ "name": "Mojang", "type": "MojangAPI", "apiRoot": "https://api.mojang.com/", "sessionRoot": "https://sessionserver.mojang.com/" }, { "name": "LittleSkin", "type": "CustomSkinAPI", "root": "https://littleskin.cn/csl/" }, { "name": "BlessingSkin", "type": "CustomSkinAPI", "root": "https://skin.prinzeugen.net/" }, { "name": "ElyBy", "type": "ElyByAPI", "root": "http://skinsystem.ely.by/textures/" }, { "name": "SkinMe", "type": "UniSkinAPI", "root": "http://www.skinme.cc/uniskin/" }, { "name": "TLauncher", "type": "ElyByAPI", "root": "https://auth.tlauncher.org/skin/profile/texture/login/" }, { "name": "GlitchlessGames", "type": "GlitchlessAPI", "root": "https://games.glitchless.ru/api/minecraft/users/profiles/textures/?nickname=" }, { "name": "LocalSkin", "type": "Legacy", "checkPNG": "false", "skin": "LocalSkin/skins/{USERNAME}.png", "model": "auto", "cape": "LocalSkin/capes/{USERNAME}.png", "elytra": "LocalSkin/elytras/{USERNAME}.png" }, { "name": "MinecraftCapes", "type": "MinecraftCapesAPI", "root": "https://api.minecraftcapes.net/profile/" }, { "name": "OptiFine", "type": "Legacy", "checkPNG": "false", "model": "auto", "cape": "https://optifine.net/capes/{USERNAME}.png" }, { "name": "Wynntils", "type": "WynntilsAPI", "root": "https://athena.wynntils.com/user/getInfo" }, { "name": "CloakPlus", "type": "Legacy", "checkPNG": "false", "model": "auto", "cape": "http://161.35.130.99/capes/{USERNAME}.png" }, { "name": "LabyMod", "type": "Legacy", "checkPNG": "false", "model": "auto", "cape": "https://dl.labymod.net/capes/{STANDARD_UUID}" }, { "name": "Cosmetica", "type": "Legacy", "checkPNG": "false", "model": "auto", "cape": "https://api.cosmetica.cc/get/cloak?username={USERNAME}&uuid={STANDARD_UUID}&nothirdparty" }]
[2025-03-07 10:51:24] [Render thread/INFO] [CustomSkinLoader Core]: enableDynamicSkull : true
[2025-03-07 10:51:24] [Render thread/INFO] [CustomSkinLoader Core]: enableTransparentSkin : true
[2025-03-07 10:51:24] [Render thread/INFO] [CustomSkinLoader Core]: forceLoadAllTextures : true
[2025-03-07 10:51:24] [Render thread/INFO] [CustomSkinLoader Core]: enableCape : true
[2025-03-07 10:51:24] [Render thread/INFO] [CustomSkinLoader Core]: threadPoolSize : 8
[2025-03-07 10:51:24] [Render thread/INFO] [CustomSkinLoader Core]: enableLogStdOut : false
[2025-03-07 10:51:24] [Render thread/INFO] [CustomSkinLoader Core]: cacheExpiry : 30
[2025-03-07 10:51:24] [Render thread/INFO] [CustomSkinLoader Core]: forceUpdateSkull : false
[2025-03-07 10:51:24] [Render thread/INFO] [CustomSkinLoader Core]: enableLocalProfileCache : false
[2025-03-07 10:51:24] [Render thread/INFO] [CustomSkinLoader Core]: enableCacheAutoClean : false
[2025-03-07 10:51:24] [Render thread/INFO] [CustomSkinLoader Core]: forceDisableCache : false
[2025-03-07 10:51:25] [Dev/INFO] [CustomSkinLoader Core]: Loading Dev's profile.
[2025-03-07 10:51:25] [Dev/INFO] [CustomSkinLoader Core]: 1/14 Try to load profile from 'Mojang'.
[2025-03-07 10:51:25] [Dev/DEBUG] [CustomSkinLoader Core]: Try to request 'https://api.mojang.com/profiles/minecraft'.
[2025-03-07 10:51:25] [Dev/INFO] [CustomSkinLoader Core]: Payload: ["Dev"]
[2025-03-07 10:51:25] [Dev/DEBUG] [CustomSkinLoader Core]: Successfully request (Response Code: 200 , Content Length: 69)
[2025-03-07 10:51:25] [Dev/DEBUG] [CustomSkinLoader Core]: Content: [ {
  "id" : "5084e6f38f5443f18df51dca109e430f",
  "name" : "Dev"
} ]
[2025-03-07 10:51:25] [Dev/DEBUG] [CustomSkinLoader Core]: Try to request 'https://sessionserver.mojang.com/session/minecraft/profile/5084e6f38f5443f18df51dca109e430f'.
[2025-03-07 10:51:25] [Dev/DEBUG] [CustomSkinLoader Core]: Successfully request (Response Code: 200 , Content Length: 525)
[2025-03-07 10:51:25] [Dev/DEBUG] [CustomSkinLoader Core]: Saved to cache (Length: 525 , Path: 'C:\Users\曦月\Documents\编程开发\Minecraft\Spark-Core\1.21.1-neoforge\run\.\CustomSkinLoader\caches\5fffb4a28a1b9ec7062c05f6ac9b29b59f4b20ed' , Expire: 1741315915)
[2025-03-07 10:51:25] [Dev/DEBUG] [CustomSkinLoader Core]: Content: {
  "id" : "5084e6f38f5443f18df51dca109e430f",
  "name" : "Dev",
  "properties" : [ {
    "name" : "textures",
    "value" : "ewogICJ0aW1lc3RhbXAiIDogMTc0MTMxNTg4NTYzMSwKICAicHJvZmlsZUlkIiA6ICI1MDg0ZTZmMzhmNTQ0M2YxOGRmNTFkY2ExMDllNDMwZiIsCiAgInByb2ZpbGVOYW1lIiA6ICJEZXYiLAogICJ0ZXh0dXJlcyIgOiB7CiAgICAiU0tJTiIgOiB7CiAgICAgICJ1cmwiIDogImh0dHA6Ly90ZXh0dXJlcy5taW5lY3JhZnQubmV0L3RleHR1cmUvZGMwZmNmYWYyYWEwNDBhODNkYzBkZTRlNTYwNThkMWJiYjJlYTQwMTU3NTAxZjNlN2QxNWRjMjQ1ZTQ5MzA5NSIKICAgIH0KICB9Cn0="
  } ],
  "profileActions" : [ ]
}
[2025-03-07 10:51:25] [Dev/INFO] [CustomSkinLoader Core]: 2/14 Try to load profile from 'LittleSkin'.
[2025-03-07 10:51:25] [Dev/DEBUG] [CustomSkinLoader Core]: Try to request 'https://littleskin.cn/csl/Dev.json'.
[2025-03-07 10:51:26] [Dev/DEBUG] [CustomSkinLoader Core]: Successfully request (Response Code: 200 , Content Length: 179)
[2025-03-07 10:51:26] [Dev/DEBUG] [CustomSkinLoader Core]: Saved to cache (Length: 179 , Path: 'C:\Users\曦月\Documents\编程开发\Minecraft\Spark-Core\1.21.1-neoforge\run\.\CustomSkinLoader\caches\c76925d75b74c7a375782c27ebb9c6b22ce0f5ba' , Expire: 1741315976)
[2025-03-07 10:51:26] [Dev/DEBUG] [CustomSkinLoader Core]: Content: {"username":"Dev","skins":{"default":"858cdfe89ba82a9cd709c1a775ad95166530f2e78d44ccf42a65c161bd50343d"},"cape":"47726d2420419494606e4c39ac93df41b185ad177d1729341537ff92a9947def"}
[2025-03-07 10:51:26] [Dev/INFO] [CustomSkinLoader Core]: Dev's profile loaded.
[2025-03-07 10:51:26] [Dev/INFO] [CustomSkinLoader Core]: (SkinUrl: http://textures.minecraft.net/texture/dc0fcfaf2aa040a83dc0de4e56058d1bbb2ea40157501f3e7d15dc245e493095 , Model: default , CapeUrl: https://littleskin.cn/csl/textures/47726d2420419494606e4c39ac93df41b185ad177d1729341537ff92a9947def  , Expiry: 1741315916)
